TN:
SF:C:\Users\joinmouse\Desktop\vue-wheel\babel.config.js
FNF:0
FNH:0
DA:1,0
LF:1
LH:0
BRF:0
BRH:0
end_of_record
TN:
SF:C:\Users\joinmouse\Desktop\vue-wheel\jest.config.js
FNF:0
FNH:0
DA:1,0
LF:1
LH:0
BRF:0
BRH:0
end_of_record
TN:
SF:C:\Users\joinmouse\Desktop\vue-wheel\vue.config.js
FNF:0
FNH:0
DA:1,0
LF:1
LH:0
BRF:0
BRH:0
end_of_record
TN:
SF:C:\Users\joinmouse\Desktop\vue-wheel\coverage\lcov-report\block-navigation.js
FN:2,init
FN:24,toggleClass
FN:31,makeCurrent
FN:41,goToPrevious
FN:52,goToNext
FN:65,jump
FNF:6
FNH:0
FNDA:0,init
FNDA:0,toggleClass
FNDA:0,makeCurrent
FNDA:0,goToPrevious
FNDA:0,goToNext
FNDA:0,jump
DA:2,0
DA:4,0
DA:7,0
DA:10,0
DA:14,0
DA:20,0
DA:25,0
DA:28,0
DA:32,0
DA:33,0
DA:34,0
DA:42,0
DA:43,0
DA:44,0
DA:45,0
DA:46,0
DA:49,0
DA:53,0
DA:55,0
DA:59,0
DA:62,0
DA:65,0
DA:66,0
DA:69,0
DA:70,0
DA:74,0
DA:75,0
DA:79,0
LF:28
LH:0
BRDA:43,0,0,0
BRDA:43,0,1,0
BRDA:43,1,0,0
BRDA:43,1,1,0
BRDA:45,2,0,0
BRDA:45,2,1,0
BRDA:55,3,0,0
BRDA:55,3,1,0
BRDA:56,4,0,0
BRDA:56,4,1,0
BRDA:66,5,0,0
BRDA:66,5,1,0
BRDA:66,5,2,0
BRDA:66,5,3,0
BRDA:66,5,4,0
BRF:15
BRH:0
end_of_record
TN:
SF:C:\Users\joinmouse\Desktop\vue-wheel\coverage\lcov-report\prettify.js
FN:2,(anonymous_0)
FN:2,k
FN:2,ab
FN:2,T
FN:2,X
FN:2,(anonymous_5)
FN:2,W
FN:2,(anonymous_7)
FN:2,a
FN:2,aa
FN:2,B
FN:2,o
FN:2,g
FN:2,(anonymous_13)
FN:2,(anonymous_14)
FN:2,i
FN:2,Q
FN:2,ae
FN:2,ad
FN:2,ai
FN:2,D
FN:2,c
FN:2,q
FN:2,d
FN:2,y
FN:2,b
FN:2,Y
FN:2,(anonymous_27)
FN:2,U
FNF:29
FNH:0
FNDA:0,(anonymous_0)
FNDA:0,k
FNDA:0,ab
FNDA:0,T
FNDA:0,X
FNDA:0,(anonymous_5)
FNDA:0,W
FNDA:0,(anonymous_7)
FNDA:0,a
FNDA:0,aa
FNDA:0,B
FNDA:0,o
FNDA:0,g
FNDA:0,(anonymous_13)
FNDA:0,(anonymous_14)
FNDA:0,i
FNDA:0,Q
FNDA:0,ae
FNDA:0,ad
FNDA:0,ai
FNDA:0,D
FNDA:0,c
FNDA:0,q
FNDA:0,d
FNDA:0,y
FNDA:0,b
FNDA:0,Y
FNDA:0,(anonymous_27)
FNDA:0,U
DA:2,0
LF:1
LH:0
BRDA:2,0,0,0
BRDA:2,0,1,0
BRDA:2,1,0,0
BRDA:2,1,1,0
BRDA:2,2,0,0
BRDA:2,2,1,0
BRDA:2,3,0,0
BRDA:2,3,1,0
BRDA:2,4,0,0
BRDA:2,4,1,0
BRDA:2,5,0,0
BRDA:2,5,1,0
BRDA:2,6,0,0
BRDA:2,6,1,0
BRDA:2,7,0,0
BRDA:2,7,1,0
BRDA:2,8,0,0
BRDA:2,8,1,0
BRDA:2,9,0,0
BRDA:2,9,1,0
BRDA:2,10,0,0
BRDA:2,10,1,0
BRDA:2,11,0,0
BRDA:2,11,1,0
BRDA:2,11,2,0
BRDA:2,11,3,0
BRDA:2,12,0,0
BRDA:2,12,1,0
BRDA:2,13,0,0
BRDA:2,13,1,0
BRDA:2,14,0,0
BRDA:2,14,1,0
BRDA:2,15,0,0
BRDA:2,15,1,0
BRDA:2,16,0,0
BRDA:2,16,1,0
BRDA:2,17,0,0
BRDA:2,17,1,0
BRDA:2,18,0,0
BRDA:2,18,1,0
BRDA:2,19,0,0
BRDA:2,19,1,0
BRDA:2,20,0,0
BRDA:2,20,1,0
BRDA:2,21,0,0
BRDA:2,21,1,0
BRDA:2,22,0,0
BRDA:2,22,1,0
BRDA:2,23,0,0
BRDA:2,23,1,0
BRDA:2,24,0,0
BRDA:2,24,1,0
BRDA:2,25,0,0
BRDA:2,25,1,0
BRDA:2,26,0,0
BRDA:2,26,1,0
BRDA:2,27,0,0
BRDA:2,27,1,0
BRDA:2,28,0,0
BRDA:2,28,1,0
BRDA:2,29,0,0
BRDA:2,29,1,0
BRDA:2,30,0,0
BRDA:2,30,1,0
BRDA:2,31,0,0
BRDA:2,31,1,0
BRDA:2,32,0,0
BRDA:2,32,1,0
BRDA:2,33,0,0
BRDA:2,33,1,0
BRDA:2,34,0,0
BRDA:2,34,1,0
BRDA:2,35,0,0
BRDA:2,35,1,0
BRDA:2,36,0,0
BRDA:2,36,1,0
BRDA:2,37,0,0
BRDA:2,37,1,0
BRDA:2,38,0,0
BRDA:2,38,1,0
BRDA:2,39,0,0
BRDA:2,39,1,0
BRDA:2,40,0,0
BRDA:2,40,1,0
BRDA:2,41,0,0
BRDA:2,41,1,0
BRDA:2,42,0,0
BRDA:2,42,1,0
BRDA:2,43,0,0
BRDA:2,43,1,0
BRDA:2,44,0,0
BRDA:2,44,1,0
BRDA:2,45,0,0
BRDA:2,45,1,0
BRDA:2,46,0,0
BRDA:2,46,1,0
BRDA:2,47,0,0
BRDA:2,47,1,0
BRDA:2,48,0,0
BRDA:2,48,1,0
BRDA:2,49,0,0
BRDA:2,49,1,0
BRDA:2,50,0,0
BRDA:2,50,1,0
BRDA:2,50,2,0
BRDA:2,51,0,0
BRDA:2,51,1,0
BRDA:2,52,0,0
BRDA:2,52,1,0
BRDA:2,53,0,0
BRDA:2,53,1,0
BRDA:2,54,0,0
BRDA:2,54,1,0
BRDA:2,55,0,0
BRDA:2,55,1,0
BRDA:2,56,0,0
BRDA:2,56,1,0
BRDA:2,57,0,0
BRDA:2,57,1,0
BRDA:2,58,0,0
BRDA:2,58,1,0
BRDA:2,59,0,0
BRDA:2,59,1,0
BRDA:2,60,0,0
BRDA:2,60,1,0
BRDA:2,61,0,0
BRDA:2,61,1,0
BRDA:2,62,0,0
BRDA:2,62,1,0
BRDA:2,63,0,0
BRDA:2,63,1,0
BRDA:2,64,0,0
BRDA:2,64,1,0
BRDA:2,65,0,0
BRDA:2,65,1,0
BRDA:2,66,0,0
BRDA:2,66,1,0
BRDA:2,67,0,0
BRDA:2,67,1,0
BRDA:2,68,0,0
BRDA:2,68,1,0
BRDA:2,69,0,0
BRDA:2,69,1,0
BRDA:2,70,0,0
BRDA:2,70,1,0
BRDA:2,71,0,0
BRDA:2,71,1,0
BRDA:2,72,0,0
BRDA:2,72,1,0
BRDA:2,73,0,0
BRDA:2,73,1,0
BRDA:2,74,0,0
BRDA:2,74,1,0
BRDA:2,75,0,0
BRDA:2,75,1,0
BRDA:2,76,0,0
BRDA:2,76,1,0
BRDA:2,77,0,0
BRDA:2,77,1,0
BRDA:2,78,0,0
BRDA:2,78,1,0
BRDA:2,79,0,0
BRDA:2,79,1,0
BRDA:2,80,0,0
BRDA:2,80,1,0
BRDA:2,81,0,0
BRDA:2,81,1,0
BRDA:2,82,0,0
BRDA:2,82,1,0
BRDA:2,83,0,0
BRDA:2,83,1,0
BRDA:2,84,0,0
BRDA:2,84,1,0
BRDA:2,85,0,0
BRDA:2,85,1,0
BRDA:2,86,0,0
BRDA:2,86,1,0
BRDA:2,87,0,0
BRDA:2,87,1,0
BRDA:2,88,0,0
BRDA:2,88,1,0
BRDA:2,89,0,0
BRDA:2,89,1,0
BRDA:2,89,2,0
BRDA:2,90,0,0
BRDA:2,90,1,0
BRDA:2,91,0,0
BRDA:2,91,1,0
BRDA:2,92,0,0
BRDA:2,92,1,0
BRDA:2,93,0,0
BRDA:2,93,1,0
BRDA:2,94,0,0
BRDA:2,94,1,0
BRDA:2,95,0,0
BRDA:2,95,1,0
BRDA:2,96,0,0
BRDA:2,96,1,0
BRDA:2,97,0,0
BRDA:2,97,1,0
BRDA:2,98,0,0
BRDA:2,98,1,0
BRDA:2,99,0,0
BRDA:2,99,1,0
BRDA:2,100,0,0
BRDA:2,100,1,0
BRDA:2,101,0,0
BRDA:2,101,1,0
BRDA:2,102,0,0
BRDA:2,102,1,0
BRDA:2,103,0,0
BRDA:2,103,1,0
BRDA:2,104,0,0
BRDA:2,104,1,0
BRDA:2,105,0,0
BRDA:2,105,1,0
BRDA:2,106,0,0
BRDA:2,106,1,0
BRDA:2,107,0,0
BRDA:2,107,1,0
BRDA:2,108,0,0
BRDA:2,108,1,0
BRDA:2,109,0,0
BRDA:2,109,1,0
BRDA:2,110,0,0
BRDA:2,110,1,0
BRDA:2,111,0,0
BRDA:2,111,1,0
BRDA:2,112,0,0
BRDA:2,112,1,0
BRDA:2,113,0,0
BRDA:2,113,1,0
BRDA:2,114,0,0
BRDA:2,114,1,0
BRDA:2,115,0,0
BRDA:2,115,1,0
BRDA:2,116,0,0
BRDA:2,116,1,0
BRDA:2,117,0,0
BRDA:2,117,1,0
BRDA:2,118,0,0
BRDA:2,118,1,0
BRDA:2,119,0,0
BRDA:2,119,1,0
BRDA:2,120,0,0
BRDA:2,120,1,0
BRDA:2,121,0,0
BRDA:2,121,1,0
BRDA:2,122,0,0
BRDA:2,122,1,0
BRDA:2,123,0,0
BRDA:2,123,1,0
BRDA:2,124,0,0
BRDA:2,124,1,0
BRDA:2,125,0,0
BRDA:2,125,1,0
BRDA:2,126,0,0
BRDA:2,126,1,0
BRDA:2,127,0,0
BRDA:2,127,1,0
BRDA:2,128,0,0
BRDA:2,128,1,0
BRDA:2,128,2,0
BRDA:2,129,0,0
BRDA:2,129,1,0
BRDA:2,130,0,0
BRDA:2,130,1,0
BRDA:2,131,0,0
BRDA:2,131,1,0
BRDA:2,131,2,0
BRDA:2,131,3,0
BRDA:2,131,4,0
BRDA:2,132,0,0
BRDA:2,132,1,0
BRDA:2,133,0,0
BRDA:2,133,1,0
BRDA:2,134,0,0
BRDA:2,134,1,0
BRDA:2,135,0,0
BRDA:2,135,1,0
BRDA:2,136,0,0
BRDA:2,136,1,0
BRDA:2,137,0,0
BRDA:2,137,1,0
BRDA:2,138,0,0
BRDA:2,138,1,0
BRF:286
BRH:0
end_of_record
TN:
SF:C:\Users\joinmouse\Desktop\vue-wheel\coverage\lcov-report\sorter.js
FN:2,(anonymous_0)
FN:11,getTable
FN:15,getTableHeader
FN:19,getTableBody
FN:23,getNthColumn
FN:28,loadColumns
FN:53,loadRowData
FN:72,loadData
FN:81,sortByIndex
FN:83,(anonymous_9)
FN:95,(anonymous_10)
FN:112,removeSortIndicators
FN:120,addSortIndicators
FN:126,enableUI
FN:129,ithSorter
FN:132,(anonymous_15)
FN:159,(anonymous_16)
FNF:17
FNH:0
FNDA:0,(anonymous_0)
FNDA:0,getTable
FNDA:0,getTableHeader
FNDA:0,getTableBody
FNDA:0,getNthColumn
FNDA:0,loadColumns
FNDA:0,loadRowData
FNDA:0,loadData
FNDA:0,sortByIndex
FNDA:0,(anonymous_9)
FNDA:0,(anonymous_10)
FNDA:0,removeSortIndicators
FNDA:0,addSortIndicators
FNDA:0,enableUI
FNDA:0,ithSorter
FNDA:0,(anonymous_15)
FNDA:0,(anonymous_16)
DA:2,0
DA:5,0
DA:12,0
DA:16,0
DA:20,0
DA:24,0
DA:29,0
DA:31,0
DA:35,0
DA:36,0
DA:37,0
DA:42,0
DA:43,0
DA:44,0
DA:45,0
DA:49,0
DA:54,0
DA:57,0
DA:60,0
DA:61,0
DA:62,0
DA:63,0
DA:64,0
DA:65,0
DA:67,0
DA:69,0
DA:73,0
DA:76,0
DA:77,0
DA:82,0
DA:83,0
DA:84,0
DA:85,0
DA:86,0
DA:88,0
DA:89,0
DA:90,0
DA:91,0
DA:94,0
DA:95,0
DA:96,0
DA:100,0
DA:101,0
DA:102,0
DA:105,0
DA:107,0
DA:108,0
DA:113,0
DA:114,0
DA:116,0
DA:117,0
DA:121,0
DA:129,0
DA:130,0
DA:132,0
DA:133,0
DA:135,0
DA:136,0
DA:138,0
DA:139,0
DA:140,0
DA:141,0
DA:142,0
DA:145,0
DA:146,0
DA:149,0
DA:150,0
DA:151,0
DA:153,0
DA:159,0
DA:160,0
DA:161,0
DA:163,0
DA:164,0
DA:165,0
DA:166,0
DA:170,0
LF:77
LH:0
BRDA:40,0,0,0
BRDA:40,0,1,0
BRDA:43,1,0,0
BRDA:43,1,1,0
BRDA:64,2,0,0
BRDA:64,2,1,0
BRDA:86,3,0,0
BRDA:86,3,1,0
BRDA:86,4,0,0
BRDA:86,4,1,0
BRDA:94,5,0,0
BRDA:94,5,1,0
BRDA:121,6,0,0
BRDA:121,6,1,0
BRDA:135,7,0,0
BRDA:135,7,1,0
BRDA:146,8,0,0
BRDA:146,8,1,0
BRDA:150,9,0,0
BRDA:150,9,1,0
BRDA:160,10,0,0
BRDA:160,10,1,0
BRF:22
BRH:0
end_of_record
TN:
SF:C:\Users\joinmouse\Desktop\vue-wheel\examples\main.js
FN:13,(anonymous_0)
FNF:1
FNH:0
FNDA:0,(anonymous_0)
DA:7,0
DA:9,0
DA:11,0
DA:13,0
LF:4
LH:0
BRF:0
BRH:0
end_of_record
TN:
SF:C:\Users\joinmouse\Desktop\vue-wheel\examples\router.js
FNF:0
FNH:0
DA:7,0
DA:9,0
DA:25,0
LF:3
LH:0
BRF:0
BRH:0
end_of_record
TN:
SF:C:\Users\joinmouse\Desktop\vue-wheel\examples\demos\tab.vue
FN:21,(anonymous_1)
FNF:1
FNH:0
FNDA:0,(anonymous_1)
DA:22,0
LF:1
LH:0
BRF:0
BRH:0
end_of_record
TN:
SF:C:\Users\joinmouse\Desktop\vue-wheel\lib\vue-wheel.common.js
FN:2,(anonymous_0)
FN:7,__webpack_require__
FN:38,(anonymous_2)
FN:45,(anonymous_3)
FN:57,(anonymous_4)
FN:64,(anonymous_5)
FN:69,(anonymous_6)
FN:71,getDefault
FN:72,getModuleExports
FN:78,(anonymous_9)
FN:91,(anonymous_10)
FN:98,(anonymous_11)
FN:112,getOwnPropertyDescriptor
FN:125,(anonymous_13)
FN:132,(anonymous_14)
FN:134,(anonymous_15)
FN:142,(anonymous_16)
FN:164,(anonymous_17)
FN:173,forEach
FN:181,(anonymous_19)
FN:191,(anonymous_20)
FN:193,(anonymous_21)
FN:203,(anonymous_22)
FN:207,(anonymous_23)
FN:216,(anonymous_24)
FN:226,(anonymous_25)
FN:235,(anonymous_26)
FN:259,(anonymous_27)
FN:296,(anonymous_28)
FN:305,getOwnPropertyNames
FN:313,(anonymous_30)
FN:324,(anonymous_31)
FN:333,defineProperties
FN:347,(anonymous_33)
FN:351,(anonymous_34)
FN:361,(anonymous_35)
FN:372,(anonymous_36)
FN:389,(anonymous_37)
FN:397,(anonymous_38)
FN:405,(anonymous_39)
FN:409,(anonymous_40)
FN:417,(anonymous_41)
FN:421,(anonymous_42)
FN:431,(anonymous_43)
FN:442,(anonymous_44)
FN:449,(anonymous_45)
FN:450,(anonymous_46)
FN:481,(anonymous_47)
FN:489,(anonymous_48)
FN:497,(anonymous_49)
FN:501,(anonymous_50)
FN:509,(anonymous_51)
FN:514,(anonymous_52)
FN:526,(anonymous_53)
FN:534,ownKeys
FN:544,(anonymous_55)
FN:554,(anonymous_56)
FN:564,(anonymous_57)
FN:565,(anonymous_58)
FN:589,(anonymous_59)
FN:591,(anonymous_60)
FN:604,(anonymous_61)
FN:614,(anonymous_62)
FN:631,(anonymous_63)
FN:644,(anonymous_64)
FN:648,(anonymous_65)
FN:649,(anonymous_66)
FN:662,(anonymous_67)
FN:666,(anonymous_68)
FN:669,(anonymous_69)
FN:675,(anonymous_70)
FN:679,(anonymous_71)
FN:682,(anonymous_72)
FN:699,(anonymous_73)
FN:713,(anonymous_74)
FN:717,(anonymous_75)
FN:737,toString
FN:745,(anonymous_77)
FN:751,(anonymous_78)
FN:769,(anonymous_79)
FN:777,(anonymous_80)
FN:794,(anonymous_81)
FN:800,(anonymous_82)
FN:808,(anonymous_83)
FN:820,(anonymous_84)
FN:823,(anonymous_85)
FN:846,create
FN:864,(anonymous_87)
FN:877,(anonymous_88)
FN:881,(anonymous_89)
FN:891,(anonymous_90)
FN:898,(anonymous_91)
FN:903,(anonymous_92)
FN:904,(anonymous_93)
FN:911,(anonymous_94)
FN:913,(anonymous_95)
FN:921,(anonymous_96)
FN:926,(anonymous_97)
FN:934,(anonymous_98)
FN:940,(anonymous_99)
FN:942,(anonymous_100)
FN:951,(anonymous_101)
FN:957,(anonymous_102)
FN:965,(anonymous_103)
FN:979,(anonymous_104)
FN:990,defineProperty
FN:1006,(anonymous_106)
FN:1016,(anonymous_107)
FN:1023,(anonymous_108)
FN:1031,(anonymous_109)
FN:1059,(anonymous_110)
FN:1089,Number
FN:1094,(anonymous_112)
FN:1117,(anonymous_113)
FN:1132,(anonymous_114)
FN:1146,(anonymous_115)
FN:1152,(anonymous_116)
FN:1154,(anonymous_117)
FN:1156,(anonymous_118)
FN:1164,(anonymous_119)
FN:1174,(anonymous_120)
FN:1183,(anonymous_121)
FN:1194,(anonymous_122)
FN:1201,(anonymous_123)
FN:1255,(anonymous_124)
FN:1263,(anonymous_125)
FN:1276,(anonymous_126)
FN:1284,(anonymous_127)
FN:1288,(anonymous_128)
FN:1296,(anonymous_129)
FN:1310,(anonymous_130)
FN:1315,(anonymous_131)
FN:1337,(anonymous_132)
FN:1344,(anonymous_133)
FN:1361,(anonymous_134)
FN:1370,(anonymous_135)
FN:1378,(anonymous_136)
FN:1383,(anonymous_137)
FN:1395,(anonymous_138)
FN:1403,(anonymous_139)
FN:1405,(anonymous_140)
FN:1417,(anonymous_141)
FN:1422,(anonymous_142)
FN:1426,(anonymous_143)
FN:1435,(anonymous_144)
FN:1447,propertyIsEnumerable
FN:1456,(anonymous_146)
FN:1465,(anonymous_147)
FN:1474,setPrototypeOf
FN:1487,(anonymous_149)
FN:1494,(anonymous_150)
FN:1496,(anonymous_151)
FN:1496,(anonymous_152)
FN:1515,(anonymous_153)
FN:1522,keys
FN:1530,(anonymous_155)
FN:1537,(anonymous_156)
FN:1551,(anonymous_157)
FN:1557,isArray
FN:1565,(anonymous_159)
FN:1571,(anonymous_160)
FN:1578,(anonymous_161)
FN:1608,(anonymous_162)
FN:1615,(anonymous_163)
FN:1623,(anonymous_164)
FN:1628,(anonymous_165)
FN:1632,(anonymous_166)
FN:1635,(anonymous_167)
FN:1638,(anonymous_168)
FN:1641,(anonymous_169)
FN:1645,(anonymous_170)
FN:1654,(anonymous_171)
FN:1686,(anonymous_172)
FN:1720,normalizeComponent
FN:1754,(anonymous_174)
FN:1778,(anonymous_175)
FN:1789,renderWithStyleInjection
FN:1833,(anonymous_177)
FN:1839,(anonymous_178)
FN:1865,mounted
FN:1868,(anonymous_180)
FN:1873,rowStyle
FN:1909,(anonymous_182)
FN:1935,data
FN:1941,colStyle
FN:1980,(anonymous_185)
FN:1984,(anonymous_186)
FN:1998,install
FN:1999,(anonymous_188)
FN:2010,(anonymous_189)
FN:2011,(anonymous_190)
FN:2012,(anonymous_191)
FN:2013,(anonymous_192)
FN:2021,(anonymous_193)
FN:2027,(anonymous_194)
FN:2035,(anonymous_195)
FNF:196
FNH:0
FNDA:0,(anonymous_0)
FNDA:0,__webpack_require__
FNDA:0,(anonymous_2)
FNDA:0,(anonymous_3)
FNDA:0,(anonymous_4)
FNDA:0,(anonymous_5)
FNDA:0,(anonymous_6)
FNDA:0,getDefault
FNDA:0,getModuleExports
FNDA:0,(anonymous_9)
FNDA:0,(anonymous_10)
FNDA:0,(anonymous_11)
FNDA:0,getOwnPropertyDescriptor
FNDA:0,(anonymous_13)
FNDA:0,(anonymous_14)
FNDA:0,(anonymous_15)
FNDA:0,(anonymous_16)
FNDA:0,(anonymous_17)
FNDA:0,forEach
FNDA:0,(anonymous_19)
FNDA:0,(anonymous_20)
FNDA:0,(anonymous_21)
FNDA:0,(anonymous_22)
FNDA:0,(anonymous_23)
FNDA:0,(anonymous_24)
FNDA:0,(anonymous_25)
FNDA:0,(anonymous_26)
FNDA:0,(anonymous_27)
FNDA:0,(anonymous_28)
FNDA:0,getOwnPropertyNames
FNDA:0,(anonymous_30)
FNDA:0,(anonymous_31)
FNDA:0,defineProperties
FNDA:0,(anonymous_33)
FNDA:0,(anonymous_34)
FNDA:0,(anonymous_35)
FNDA:0,(anonymous_36)
FNDA:0,(anonymous_37)
FNDA:0,(anonymous_38)
FNDA:0,(anonymous_39)
FNDA:0,(anonymous_40)
FNDA:0,(anonymous_41)
FNDA:0,(anonymous_42)
FNDA:0,(anonymous_43)
FNDA:0,(anonymous_44)
FNDA:0,(anonymous_45)
FNDA:0,(anonymous_46)
FNDA:0,(anonymous_47)
FNDA:0,(anonymous_48)
FNDA:0,(anonymous_49)
FNDA:0,(anonymous_50)
FNDA:0,(anonymous_51)
FNDA:0,(anonymous_52)
FNDA:0,(anonymous_53)
FNDA:0,ownKeys
FNDA:0,(anonymous_55)
FNDA:0,(anonymous_56)
FNDA:0,(anonymous_57)
FNDA:0,(anonymous_58)
FNDA:0,(anonymous_59)
FNDA:0,(anonymous_60)
FNDA:0,(anonymous_61)
FNDA:0,(anonymous_62)
FNDA:0,(anonymous_63)
FNDA:0,(anonymous_64)
FNDA:0,(anonymous_65)
FNDA:0,(anonymous_66)
FNDA:0,(anonymous_67)
FNDA:0,(anonymous_68)
FNDA:0,(anonymous_69)
FNDA:0,(anonymous_70)
FNDA:0,(anonymous_71)
FNDA:0,(anonymous_72)
FNDA:0,(anonymous_73)
FNDA:0,(anonymous_74)
FNDA:0,(anonymous_75)
FNDA:0,toString
FNDA:0,(anonymous_77)
FNDA:0,(anonymous_78)
FNDA:0,(anonymous_79)
FNDA:0,(anonymous_80)
FNDA:0,(anonymous_81)
FNDA:0,(anonymous_82)
FNDA:0,(anonymous_83)
FNDA:0,(anonymous_84)
FNDA:0,(anonymous_85)
FNDA:0,create
FNDA:0,(anonymous_87)
FNDA:0,(anonymous_88)
FNDA:0,(anonymous_89)
FNDA:0,(anonymous_90)
FNDA:0,(anonymous_91)
FNDA:0,(anonymous_92)
FNDA:0,(anonymous_93)
FNDA:0,(anonymous_94)
FNDA:0,(anonymous_95)
FNDA:0,(anonymous_96)
FNDA:0,(anonymous_97)
FNDA:0,(anonymous_98)
FNDA:0,(anonymous_99)
FNDA:0,(anonymous_100)
FNDA:0,(anonymous_101)
FNDA:0,(anonymous_102)
FNDA:0,(anonymous_103)
FNDA:0,(anonymous_104)
FNDA:0,defineProperty
FNDA:0,(anonymous_106)
FNDA:0,(anonymous_107)
FNDA:0,(anonymous_108)
FNDA:0,(anonymous_109)
FNDA:0,(anonymous_110)
FNDA:0,Number
FNDA:0,(anonymous_112)
FNDA:0,(anonymous_113)
FNDA:0,(anonymous_114)
FNDA:0,(anonymous_115)
FNDA:0,(anonymous_116)
FNDA:0,(anonymous_117)
FNDA:0,(anonymous_118)
FNDA:0,(anonymous_119)
FNDA:0,(anonymous_120)
FNDA:0,(anonymous_121)
FNDA:0,(anonymous_122)
FNDA:0,(anonymous_123)
FNDA:0,(anonymous_124)
FNDA:0,(anonymous_125)
FNDA:0,(anonymous_126)
FNDA:0,(anonymous_127)
FNDA:0,(anonymous_128)
FNDA:0,(anonymous_129)
FNDA:0,(anonymous_130)
FNDA:0,(anonymous_131)
FNDA:0,(anonymous_132)
FNDA:0,(anonymous_133)
FNDA:0,(anonymous_134)
FNDA:0,(anonymous_135)
FNDA:0,(anonymous_136)
FNDA:0,(anonymous_137)
FNDA:0,(anonymous_138)
FNDA:0,(anonymous_139)
FNDA:0,(anonymous_140)
FNDA:0,(anonymous_141)
FNDA:0,(anonymous_142)
FNDA:0,(anonymous_143)
FNDA:0,(anonymous_144)
FNDA:0,propertyIsEnumerable
FNDA:0,(anonymous_146)
FNDA:0,(anonymous_147)
FNDA:0,setPrototypeOf
FNDA:0,(anonymous_149)
FNDA:0,(anonymous_150)
FNDA:0,(anonymous_151)
FNDA:0,(anonymous_152)
FNDA:0,(anonymous_153)
FNDA:0,keys
FNDA:0,(anonymous_155)
FNDA:0,(anonymous_156)
FNDA:0,(anonymous_157)
FNDA:0,isArray
FNDA:0,(anonymous_159)
FNDA:0,(anonymous_160)
FNDA:0,(anonymous_161)
FNDA:0,(anonymous_162)
FNDA:0,(anonymous_163)
FNDA:0,(anonymous_164)
FNDA:0,(anonymous_165)
FNDA:0,(anonymous_166)
FNDA:0,(anonymous_167)
FNDA:0,(anonymous_168)
FNDA:0,(anonymous_169)
FNDA:0,(anonymous_170)
FNDA:0,(anonymous_171)
FNDA:0,(anonymous_172)
FNDA:0,normalizeComponent
FNDA:0,(anonymous_174)
FNDA:0,(anonymous_175)
FNDA:0,renderWithStyleInjection
FNDA:0,(anonymous_177)
FNDA:0,(anonymous_178)
FNDA:0,mounted
FNDA:0,(anonymous_180)
FNDA:0,rowStyle
FNDA:0,(anonymous_182)
FNDA:0,data
FNDA:0,colStyle
FNDA:0,(anonymous_185)
FNDA:0,(anonymous_186)
FNDA:0,install
FNDA:0,(anonymous_188)
FNDA:0,(anonymous_189)
FNDA:0,(anonymous_190)
FNDA:0,(anonymous_191)
FNDA:0,(anonymous_192)
FNDA:0,(anonymous_193)
FNDA:0,(anonymous_194)
FNDA:0,(anonymous_195)
DA:1,0
DA:4,0
DA:10,0
DA:11,0
DA:14,0
DA:21,0
DA:24,0
DA:27,0
DA:32,0
DA:35,0
DA:38,0
DA:39,0
DA:40,0
DA:45,0
DA:46,0
DA:47,0
DA:49,0
DA:57,0
DA:58,0
DA:59,0
DA:60,0
DA:61,0
DA:62,0
DA:63,0
DA:64,0
DA:65,0
DA:69,0
DA:70,0
DA:71,0
DA:72,0
DA:73,0
DA:74,0
DA:78,0
DA:81,0
DA:85,0
DA:100,0
DA:101,0
DA:102,0
DA:103,0
DA:104,0
DA:105,0
DA:106,0
DA:108,0
DA:112,0
DA:113,0
DA:114,0
DA:115,0
DA:116,0
DA:118,0
DA:127,0
DA:128,0
DA:129,0
DA:132,0
DA:133,0
DA:134,0
DA:144,0
DA:145,0
DA:146,0
DA:147,0
DA:149,0
DA:150,0
DA:151,0
DA:153,0
DA:154,0
DA:156,0
DA:168,0
DA:169,0
DA:173,0
DA:174,0
DA:183,0
DA:185,0
DA:193,0
DA:194,0
DA:195,0
DA:196,0
DA:207,0
DA:208,0
DA:209,0
DA:218,0
DA:220,0
DA:221,0
DA:226,0
DA:227,0
DA:228,0
DA:237,0
DA:238,0
DA:239,0
DA:240,0
DA:241,0
DA:242,0
DA:243,0
DA:259,0
DA:260,0
DA:261,0
DA:262,0
DA:264,0
DA:265,0
DA:266,0
DA:267,0
DA:269,0
DA:271,0
DA:272,0
DA:273,0
DA:274,0
DA:275,0
DA:276,0
DA:277,0
DA:279,0
DA:280,0
DA:281,0
DA:284,0
DA:285,0
DA:288,0
DA:298,0
DA:299,0
DA:301,0
DA:305,0
DA:306,0
DA:316,0
DA:317,0
DA:319,0
DA:326,0
DA:327,0
DA:328,0
DA:329,0
DA:333,0
DA:334,0
DA:335,0
DA:336,0
DA:337,0
DA:339,0
DA:340,0
DA:349,0
DA:351,0
DA:352,0
DA:353,0
DA:354,0
DA:364,0
DA:365,0
DA:367,0
DA:376,0
DA:377,0
DA:381,0
DA:391,0
DA:399,0
DA:400,0
DA:402,0
DA:405,0
DA:408,0
DA:410,0
DA:419,0
DA:421,0
DA:424,0
DA:434,0
DA:435,0
DA:437,0
DA:444,0
DA:445,0
DA:446,0
DA:449,0
DA:450,0
DA:451,0
DA:452,0
DA:453,0
DA:457,0
DA:458,0
DA:460,0
DA:462,0
DA:463,0
DA:464,0
DA:468,0
DA:483,0
DA:485,0
DA:489,0
DA:490,0
DA:499,0
DA:501,0
DA:502,0
DA:511,0
DA:512,0
DA:514,0
DA:515,0
DA:528,0
DA:529,0
DA:530,0
DA:531,0
DA:534,0
DA:535,0
DA:536,0
DA:537,0
DA:548,0
DA:556,0
DA:557,0
DA:559,0
DA:560,0
DA:561,0
DA:564,0
DA:565,0
DA:566,0
DA:567,0
DA:568,0
DA:569,0
DA:573,0
DA:591,0
DA:592,0
DA:606,0
DA:607,0
DA:608,0
DA:610,0
DA:614,0
DA:616,0
DA:617,0
DA:619,0
DA:620,0
DA:621,0
DA:622,0
DA:624,0
DA:633,0
DA:634,0
DA:635,0
DA:636,0
DA:637,0
DA:638,0
DA:639,0
DA:641,0
DA:644,0
DA:645,0
DA:648,0
DA:649,0
DA:651,0
DA:652,0
DA:653,0
DA:657,0
DA:658,0
DA:659,0
DA:660,0
DA:661,0
DA:662,0
DA:663,0
DA:664,0
DA:666,0
DA:667,0
DA:669,0
DA:670,0
DA:673,0
DA:674,0
DA:675,0
DA:676,0
DA:677,0
DA:679,0
DA:680,0
DA:682,0
DA:683,0
DA:687,0
DA:701,0
DA:702,0
DA:703,0
DA:704,0
DA:705,0
DA:706,0
DA:707,0
DA:709,0
DA:710,0
DA:711,0
DA:713,0
DA:714,0
DA:717,0
DA:718,0
DA:719,0
DA:720,0
DA:721,0
DA:722,0
DA:723,0
DA:725,0
DA:726,0
DA:727,0
DA:728,0
DA:729,0
DA:730,0
DA:731,0
DA:732,0
DA:734,0
DA:735,0
DA:738,0
DA:747,0
DA:748,0
DA:751,0
DA:753,0
DA:761,0
DA:762,0
DA:771,0
DA:780,0
DA:796,0
DA:800,0
DA:801,0
DA:810,0
DA:811,0
DA:812,0
DA:813,0
DA:814,0
DA:815,0
DA:816,0
DA:817,0
DA:819,0
DA:820,0
DA:823,0
DA:825,0
DA:826,0
DA:827,0
DA:828,0
DA:829,0
DA:830,0
DA:832,0
DA:833,0
DA:834,0
DA:835,0
DA:836,0
DA:837,0
DA:838,0
DA:839,0
DA:840,0
DA:841,0
DA:846,0
DA:848,0
DA:849,0
DA:850,0
DA:851,0
DA:853,0
DA:854,0
DA:855,0
DA:858,0
DA:866,0
DA:867,0
DA:869,0
DA:871,0
DA:879,0
DA:881,0
DA:882,0
DA:883,0
DA:884,0
DA:900,0
DA:903,0
DA:904,0
DA:913,0
DA:914,0
DA:923,0
DA:924,0
DA:926,0
DA:927,0
DA:936,0
DA:937,0
DA:938,0
DA:940,0
DA:941,0
DA:943,0
DA:944,0
DA:953,0
DA:955,0
DA:957,0
DA:958,0
DA:959,0
DA:965,0
DA:966,0
DA:969,0
DA:970,0
DA:971,0
DA:973,0
DA:981,0
DA:982,0
DA:983,0
DA:984,0
DA:986,0
DA:990,0
DA:991,0
DA:992,0
DA:993,0
DA:994,0
DA:995,0
DA:997,0
DA:998,0
DA:999,0
DA:1008,0
DA:1010,0
DA:1018,0
DA:1019,0
DA:1023,0
DA:1024,0
DA:1035,0
DA:1036,0
DA:1037,0
DA:1038,0
DA:1039,0
DA:1040,0
DA:1041,0
DA:1042,0
DA:1043,0
DA:1044,0
DA:1045,0
DA:1046,0
DA:1047,0
DA:1048,0
DA:1050,0
DA:1051,0
DA:1052,0
DA:1055,0
DA:1059,0
DA:1060,0
DA:1062,0
DA:1063,0
DA:1064,0
DA:1065,0
DA:1066,0
DA:1067,0
DA:1068,0
DA:1069,0
DA:1070,0
DA:1071,0
DA:1072,0
DA:1074,0
DA:1075,0
DA:1076,0
DA:1077,0
DA:1080,0
DA:1081,0
DA:1083,0
DA:1088,0
DA:1089,0
DA:1090,0
DA:1091,0
DA:1092,0
DA:1094,0
DA:1097,0
DA:1103,0
DA:1104,0
DA:1105,0
DA:1108,0
DA:1109,0
DA:1110,0
DA:1119,0
DA:1120,0
DA:1122,0
DA:1123,0
DA:1124,0
DA:1125,0
DA:1129,0
DA:1130,0
DA:1133,0
DA:1134,0
DA:1136,0
DA:1150,0
DA:1152,0
DA:1153,0
DA:1154,0
DA:1156,0
DA:1166,0
DA:1167,0
DA:1168,0
DA:1169,0
DA:1171,0
DA:1172,0
DA:1174,0
DA:1175,0
DA:1185,0
DA:1186,0
DA:1187,0
DA:1188,0
DA:1189,0
DA:1191,0
DA:1194,0
DA:1195,0
DA:1196,0
DA:1197,0
DA:1198,0
DA:1199,0
DA:1200,0
DA:1201,0
DA:1202,0
DA:1203,0
DA:1204,0
DA:1205,0
DA:1206,0
DA:1207,0
DA:1208,0
DA:1210,0
DA:1211,0
DA:1212,0
DA:1213,0
DA:1214,0
DA:1215,0
DA:1216,0
DA:1217,0
DA:1218,0
DA:1219,0
DA:1220,0
DA:1223,0
DA:1227,0
DA:1257,0
DA:1263,0
DA:1264,0
DA:1266,0
DA:1267,0
DA:1268,0
DA:1269,0
DA:1278,0
DA:1286,0
DA:1288,0
DA:1289,0
DA:1298,0
DA:1299,0
DA:1301,0
DA:1302,0
DA:1304,0
DA:1315,0
DA:1316,0
DA:1319,0
DA:1321,0
DA:1324,0
DA:1331,0
DA:1339,0
DA:1340,0
DA:1341,0
DA:1342,0
DA:1344,0
DA:1345,0
DA:1346,0
DA:1347,0
DA:1349,0
DA:1351,0
DA:1352,0
DA:1354,0
DA:1363,0
DA:1364,0
DA:1366,0
DA:1368,0
DA:1370,0
DA:1371,0
DA:1380,0
DA:1381,0
DA:1383,0
DA:1384,0
DA:1385,0
DA:1387,0
DA:1388,0
DA:1397,0
DA:1405,0
DA:1406,0
DA:1407,0
DA:1409,0
DA:1419,0
DA:1420,0
DA:1422,0
DA:1423,0
DA:1426,0
DA:1427,0
DA:1439,0
DA:1440,0
DA:1443,0
DA:1447,0
DA:1448,0
DA:1449,0
DA:1458,0
DA:1459,0
DA:1465,0
DA:1466,0
DA:1467,0
DA:1469,0
DA:1470,0
DA:1471,0
DA:1472,0
DA:1474,0
DA:1475,0
DA:1476,0
DA:1477,0
DA:1478,0
DA:1479,0
DA:1496,0
DA:1497,0
DA:1501,0
DA:1517,0
DA:1518,0
DA:1522,0
DA:1523,0
DA:1532,0
DA:1533,0
DA:1534,0
DA:1535,0
DA:1537,0
DA:1538,0
DA:1539,0
DA:1540,0
DA:1541,0
DA:1542,0
DA:1543,0
DA:1553,0
DA:1557,0
DA:1558,0
DA:1571,0
DA:1572,0
DA:1573,0
DA:1576,0
DA:1577,0
DA:1582,0
DA:1587,0
DA:1590,0
DA:1591,0
DA:1592,0
DA:1597,0
DA:1610,0
DA:1611,0
DA:1613,0
DA:1615,0
DA:1616,0
DA:1625,0
DA:1628,0
DA:1629,0
DA:1630,0
DA:1631,0
DA:1632,0
DA:1633,0
DA:1635,0
DA:1636,0
DA:1638,0
DA:1639,0
DA:1641,0
DA:1642,0
DA:1645,0
DA:1646,0
DA:1657,0
DA:1662,0
DA:1663,0
DA:1664,0
DA:1668,0
DA:1669,0
DA:1674,0
DA:1677,0
DA:1680,0
DA:1683,0
DA:1686,0
DA:1687,0
DA:1699,0
DA:1709,0
DA:1711,0
DA:1731,0
DA:1736,0
DA:1737,0
DA:1738,0
DA:1739,0
DA:1743,0
DA:1744,0
DA:1748,0
DA:1749,0
DA:1753,0
DA:1754,0
DA:1756,0
DA:1761,0
DA:1762,0
DA:1765,0
DA:1766,0
DA:1769,0
DA:1770,0
DA:1775,0
DA:1776,0
DA:1777,0
DA:1778,0
DA:1782,0
DA:1783,0
DA:1786,0
DA:1788,0
DA:1789,0
DA:1790,0
DA:1791,0
DA:1795,0
DA:1796,0
DA:1802,0
DA:1817,0
DA:1828,0
DA:1833,0
DA:1834,0
DA:1837,0
DA:1839,0
DA:1840,0
DA:1846,0
DA:1858,0
DA:1866,0
DA:1868,0
DA:1869,0
DA:1874,0
DA:1875,0
DA:1883,0
DA:1885,0
DA:1896,0
DA:1907,0
DA:1909,0
DA:1910,0
DA:1925,0
DA:1936,0
DA:1942,0
DA:1950,0
DA:1952,0
DA:1963,0
DA:1974,0
DA:1980,0
DA:1981,0
DA:1984,0
DA:1985,0
DA:1996,0
DA:1998,0
DA:1999,0
DA:2000,0
DA:2004,0
DA:2005,0
DA:2010,0
DA:2011,0
DA:2012,0
DA:2013,0
DA:2024,0
DA:2025,0
DA:2027,0
DA:2028,0
DA:2039,0
LF:720
LH:0
BRDA:10,0,0,0
BRDA:10,0,1,0
BRDA:39,1,0,0
BRDA:39,1,1,0
BRDA:46,2,0,0
BRDA:46,2,1,0
BRDA:46,3,0,0
BRDA:46,3,1,0
BRDA:58,4,0,0
BRDA:58,4,1,0
BRDA:59,5,0,0
BRDA:59,5,1,0
BRDA:60,6,0,0
BRDA:60,6,1,0
BRDA:60,7,0,0
BRDA:60,7,1,0
BRDA:60,7,2,0
BRDA:60,7,3,0
BRDA:64,8,0,0
BRDA:64,8,1,0
BRDA:64,9,0,0
BRDA:64,9,1,0
BRDA:70,10,0,0
BRDA:70,10,1,0
BRDA:70,11,0,0
BRDA:70,11,1,0
BRDA:112,12,0,0
BRDA:112,12,1,0
BRDA:115,13,0,0
BRDA:115,13,1,0
BRDA:118,14,0,0
BRDA:118,14,1,0
BRDA:132,15,0,0
BRDA:132,15,1,0
BRDA:151,16,0,0
BRDA:151,16,1,0
BRDA:153,17,0,0
BRDA:153,17,1,0
BRDA:153,18,0,0
BRDA:153,18,1,0
BRDA:173,19,0,0
BRDA:173,19,1,0
BRDA:174,20,0,0
BRDA:174,20,1,0
BRDA:194,21,0,0
BRDA:194,21,1,0
BRDA:208,22,0,0
BRDA:208,22,1,0
BRDA:228,23,0,0
BRDA:228,23,1,0
BRDA:264,24,0,0
BRDA:264,24,1,0
BRDA:266,25,0,0
BRDA:266,25,1,0
BRDA:267,26,0,0
BRDA:267,26,1,0
BRDA:269,27,0,0
BRDA:269,27,1,0
BRDA:271,28,0,0
BRDA:271,28,1,0
BRDA:273,29,0,0
BRDA:273,29,1,0
BRDA:275,30,0,0
BRDA:275,30,1,0
BRDA:277,31,0,0
BRDA:277,31,1,0
BRDA:277,32,0,0
BRDA:277,32,1,0
BRDA:279,33,0,0
BRDA:279,33,1,0
BRDA:279,34,0,0
BRDA:279,34,1,0
BRDA:280,35,0,0
BRDA:280,35,1,0
BRDA:284,36,0,0
BRDA:284,36,1,0
BRDA:284,37,0,0
BRDA:284,37,1,0
BRDA:284,37,2,0
BRDA:305,38,0,0
BRDA:305,38,1,0
BRDA:333,39,0,0
BRDA:333,39,1,0
BRDA:352,40,0,0
BRDA:352,40,1,0
BRDA:352,41,0,0
BRDA:352,41,1,0
BRDA:405,42,0,0
BRDA:405,42,1,0
BRDA:410,43,0,0
BRDA:410,43,1,0
BRDA:421,44,0,0
BRDA:421,44,1,0
BRDA:457,45,0,0
BRDA:457,45,1,0
BRDA:457,46,0,0
BRDA:457,46,1,0
BRDA:460,47,0,0
BRDA:460,47,1,0
BRDA:463,48,0,0
BRDA:463,48,1,0
BRDA:463,49,0,0
BRDA:463,49,1,0
BRDA:463,49,2,0
BRDA:463,50,0,0
BRDA:463,50,1,0
BRDA:463,50,2,0
BRDA:464,51,0,0
BRDA:464,51,1,0
BRDA:490,52,0,0
BRDA:490,52,1,0
BRDA:515,53,0,0
BRDA:515,53,1,0
BRDA:515,54,0,0
BRDA:515,54,1,0
BRDA:518,55,0,0
BRDA:518,55,1,0
BRDA:534,56,0,0
BRDA:534,56,1,0
BRDA:537,57,0,0
BRDA:537,57,1,0
BRDA:567,58,0,0
BRDA:567,58,1,0
BRDA:568,59,0,0
BRDA:568,59,1,0
BRDA:616,60,0,0
BRDA:616,60,1,0
BRDA:619,61,0,0
BRDA:619,61,1,0
BRDA:619,62,0,0
BRDA:619,62,1,0
BRDA:619,62,2,0
BRDA:620,63,0,0
BRDA:620,63,1,0
BRDA:622,64,0,0
BRDA:622,64,1,0
BRDA:624,65,0,0
BRDA:624,65,1,0
BRDA:624,66,0,0
BRDA:624,66,1,0
BRDA:645,67,0,0
BRDA:645,67,1,0
BRDA:651,68,0,0
BRDA:651,68,1,0
BRDA:651,69,0,0
BRDA:651,69,1,0
BRDA:657,70,0,0
BRDA:657,70,1,0
BRDA:667,71,0,0
BRDA:667,71,1,0
BRDA:680,72,0,0
BRDA:680,72,1,0
BRDA:718,73,0,0
BRDA:718,73,1,0
BRDA:719,74,0,0
BRDA:719,74,1,0
BRDA:720,75,0,0
BRDA:720,75,1,0
BRDA:721,76,0,0
BRDA:721,76,1,0
BRDA:722,77,0,0
BRDA:722,77,1,0
BRDA:722,78,0,0
BRDA:722,78,1,0
BRDA:723,79,0,0
BRDA:723,79,1,0
BRDA:725,80,0,0
BRDA:725,80,1,0
BRDA:726,81,0,0
BRDA:726,81,1,0
BRDA:729,82,0,0
BRDA:729,82,1,0
BRDA:731,83,0,0
BRDA:731,83,1,0
BRDA:731,84,0,0
BRDA:731,84,1,0
BRDA:734,85,0,0
BRDA:734,85,1,0
BRDA:738,86,0,0
BRDA:738,86,1,0
BRDA:738,86,2,0
BRDA:753,87,0,0
BRDA:753,87,1,0
BRDA:755,88,0,0
BRDA:755,88,1,0
BRDA:755,88,2,0
BRDA:755,88,3,0
BRDA:755,88,4,0
BRDA:846,89,0,0
BRDA:846,89,1,0
BRDA:848,90,0,0
BRDA:848,90,1,0
BRDA:855,91,0,0
BRDA:855,91,1,0
BRDA:871,92,0,0
BRDA:871,92,1,0
BRDA:882,93,0,0
BRDA:882,93,1,0
BRDA:914,94,0,0
BRDA:914,94,1,0
BRDA:927,95,0,0
BRDA:927,95,1,0
BRDA:940,96,0,0
BRDA:940,96,1,0
BRDA:959,97,0,0
BRDA:959,97,1,0
BRDA:960,98,0,0
BRDA:960,98,1,0
BRDA:961,99,0,0
BRDA:961,99,1,0
BRDA:990,100,0,0
BRDA:990,100,1,0
BRDA:994,101,0,0
BRDA:994,101,1,0
BRDA:997,102,0,0
BRDA:997,102,1,0
BRDA:997,103,0,0
BRDA:997,103,1,0
BRDA:998,104,0,0
BRDA:998,104,1,0
BRDA:1024,105,0,0
BRDA:1024,105,1,0
BRDA:1024,106,0,0
BRDA:1024,106,1,0
BRDA:1062,107,0,0
BRDA:1062,107,1,0
BRDA:1062,108,0,0
BRDA:1062,108,1,0
BRDA:1065,109,0,0
BRDA:1065,109,1,0
BRDA:1065,110,0,0
BRDA:1065,110,1,0
BRDA:1067,111,0,0
BRDA:1067,111,1,0
BRDA:1067,112,0,0
BRDA:1067,112,1,0
BRDA:1068,113,0,0
BRDA:1068,113,1,0
BRDA:1069,114,0,0
BRDA:1069,114,1,0
BRDA:1069,114,2,0
BRDA:1069,114,3,0
BRDA:1069,114,4,0
BRDA:1080,115,0,0
BRDA:1080,115,1,0
BRDA:1080,116,0,0
BRDA:1080,116,1,0
BRDA:1088,117,0,0
BRDA:1088,117,1,0
BRDA:1088,118,0,0
BRDA:1088,118,1,0
BRDA:1088,118,2,0
BRDA:1090,119,0,0
BRDA:1090,119,1,0
BRDA:1092,120,0,0
BRDA:1092,120,1,0
BRDA:1092,121,0,0
BRDA:1092,121,1,0
BRDA:1094,122,0,0
BRDA:1094,122,1,0
BRDA:1097,123,0,0
BRDA:1097,123,1,0
BRDA:1104,124,0,0
BRDA:1104,124,1,0
BRDA:1104,125,0,0
BRDA:1104,125,1,0
BRDA:1129,126,0,0
BRDA:1129,126,1,0
BRDA:1129,127,0,0
BRDA:1129,127,1,0
BRDA:1154,128,0,0
BRDA:1154,128,1,0
BRDA:1156,129,0,0
BRDA:1156,129,1,0
BRDA:1175,130,0,0
BRDA:1175,130,1,0
BRDA:1175,131,0,0
BRDA:1175,131,1,0
BRDA:1175,131,2,0
BRDA:1176,132,0,0
BRDA:1176,132,1,0
BRDA:1200,133,0,0
BRDA:1200,133,1,0
BRDA:1207,134,0,0
BRDA:1207,134,1,0
BRDA:1208,135,0,0
BRDA:1208,135,1,0
BRDA:1208,136,0,0
BRDA:1208,136,1,0
BRDA:1210,137,0,0
BRDA:1210,137,1,0
BRDA:1210,138,0,0
BRDA:1210,138,1,0
BRDA:1213,139,0,0
BRDA:1213,139,1,0
BRDA:1214,140,0,0
BRDA:1214,140,1,0
BRDA:1215,141,0,0
BRDA:1215,141,1,0
BRDA:1215,142,0,0
BRDA:1215,142,1,0
BRDA:1215,142,2,0
BRDA:1215,142,3,0
BRDA:1220,143,0,0
BRDA:1220,143,1,0
BRDA:1223,144,0,0
BRDA:1223,144,1,0
BRDA:1223,145,0,0
BRDA:1223,145,1,0
BRDA:1223,146,0,0
BRDA:1223,146,1,0
BRDA:1264,147,0,0
BRDA:1264,147,1,0
BRDA:1266,148,0,0
BRDA:1266,148,1,0
BRDA:1266,149,0,0
BRDA:1266,149,1,0
BRDA:1266,149,2,0
BRDA:1267,150,0,0
BRDA:1267,150,1,0
BRDA:1267,151,0,0
BRDA:1267,151,1,0
BRDA:1268,152,0,0
BRDA:1268,152,1,0
BRDA:1268,153,0,0
BRDA:1268,153,1,0
BRDA:1268,153,2,0
BRDA:1302,154,0,0
BRDA:1302,154,1,0
BRDA:1321,155,0,0
BRDA:1321,155,1,0
BRDA:1324,156,0,0
BRDA:1324,156,1,0
BRDA:1349,157,0,0
BRDA:1349,157,1,0
BRDA:1349,157,2,0
BRDA:1351,158,0,0
BRDA:1351,158,1,0
BRDA:1352,159,0,0
BRDA:1352,159,1,0
BRDA:1368,160,0,0
BRDA:1368,160,1,0
BRDA:1371,161,0,0
BRDA:1371,161,1,0
BRDA:1423,162,0,0
BRDA:1423,162,1,0
BRDA:1427,163,0,0
BRDA:1427,163,1,0
BRDA:1427,164,0,0
BRDA:1427,164,1,0
BRDA:1428,165,0,0
BRDA:1428,165,1,0
BRDA:1428,165,2,0
BRDA:1428,165,3,0
BRDA:1443,166,0,0
BRDA:1443,166,1,0
BRDA:1447,167,0,0
BRDA:1447,167,1,0
BRDA:1449,168,0,0
BRDA:1449,168,1,0
BRDA:1465,169,0,0
BRDA:1465,169,1,0
BRDA:1465,170,0,0
BRDA:1465,170,1,0
BRDA:1477,171,0,0
BRDA:1477,171,1,0
BRDA:1497,172,0,0
BRDA:1497,172,1,0
BRDA:1497,172,2,0
BRDA:1503,173,0,0
BRDA:1503,173,1,0
BRDA:1503,173,2,0
BRDA:1503,173,3,0
BRDA:1503,173,4,0
BRDA:1503,174,0,0
BRDA:1503,174,1,0
BRDA:1504,175,0,0
BRDA:1504,175,1,0
BRDA:1505,176,0,0
BRDA:1505,176,1,0
BRDA:1506,177,0,0
BRDA:1506,177,1,0
BRDA:1522,178,0,0
BRDA:1522,178,1,0
BRDA:1543,179,0,0
BRDA:1543,179,1,0
BRDA:1557,180,0,0
BRDA:1557,180,1,0
BRDA:1576,181,0,0
BRDA:1576,181,1,0
BRDA:1587,182,0,0
BRDA:1587,182,1,0
BRDA:1591,183,0,0
BRDA:1591,183,1,0
BRDA:1591,184,0,0
BRDA:1591,184,1,0
BRDA:1616,185,0,0
BRDA:1616,185,1,0
BRDA:1630,186,0,0
BRDA:1630,186,1,0
BRDA:1631,187,0,0
BRDA:1631,187,1,0
BRDA:1631,187,2,0
BRDA:1631,187,3,0
BRDA:1662,188,0,0
BRDA:1662,188,1,0
BRDA:1663,189,0,0
BRDA:1663,189,1,0
BRDA:1668,190,0,0
BRDA:1668,190,1,0
BRDA:1668,191,0,0
BRDA:1668,191,1,0
BRDA:1686,192,0,0
BRDA:1686,192,1,0
BRDA:1686,193,0,0
BRDA:1686,193,1,0
BRDA:1731,194,0,0
BRDA:1731,194,1,0
BRDA:1736,195,0,0
BRDA:1736,195,1,0
BRDA:1743,196,0,0
BRDA:1743,196,1,0
BRDA:1748,197,0,0
BRDA:1748,197,1,0
BRDA:1753,198,0,0
BRDA:1753,198,1,0
BRDA:1757,199,0,0
BRDA:1757,199,1,0
BRDA:1757,199,2,0
BRDA:1757,199,3,0
BRDA:1757,199,4,0
BRDA:1757,199,5,0
BRDA:1761,200,0,0
BRDA:1761,200,1,0
BRDA:1761,201,0,0
BRDA:1761,201,1,0
BRDA:1765,202,0,0
BRDA:1765,202,1,0
BRDA:1769,203,0,0
BRDA:1769,203,1,0
BRDA:1769,204,0,0
BRDA:1769,204,1,0
BRDA:1776,205,0,0
BRDA:1776,205,1,0
BRDA:1777,206,0,0
BRDA:1777,206,1,0
BRDA:1782,207,0,0
BRDA:1782,207,1,0
BRDA:1783,208,0,0
BRDA:1783,208,1,0
BRDA:1796,209,0,0
BRDA:1796,209,1,0
BRDA:1839,210,0,0
BRDA:1839,210,1,0
BRDA:1909,211,0,0
BRDA:1909,211,1,0
BRDA:1909,212,0,0
BRDA:1909,212,1,0
BRDA:1909,213,0,0
BRDA:1909,213,1,0
BRDA:1909,214,0,0
BRDA:1909,214,1,0
BRDA:2004,215,0,0
BRDA:2004,215,1,0
BRDA:2004,216,0,0
BRDA:2004,216,1,0
BRF:466
BRH:0
end_of_record
TN:
SF:C:\Users\joinmouse\Desktop\vue-wheel\lib\vue-wheel.umd.js
FN:1,webpackUniversalModuleDefinition
FN:10,(anonymous_1)
FN:11,(anonymous_2)
FN:16,__webpack_require__
FN:47,(anonymous_4)
FN:54,(anonymous_5)
FN:66,(anonymous_6)
FN:73,(anonymous_7)
FN:78,(anonymous_8)
FN:80,getDefault
FN:81,getModuleExports
FN:87,(anonymous_11)
FN:100,(anonymous_12)
FN:107,(anonymous_13)
FN:121,getOwnPropertyDescriptor
FN:134,(anonymous_15)
FN:141,(anonymous_16)
FN:143,(anonymous_17)
FN:151,(anonymous_18)
FN:173,(anonymous_19)
FN:182,forEach
FN:190,(anonymous_21)
FN:200,(anonymous_22)
FN:202,(anonymous_23)
FN:212,(anonymous_24)
FN:216,(anonymous_25)
FN:225,(anonymous_26)
FN:235,(anonymous_27)
FN:244,(anonymous_28)
FN:268,(anonymous_29)
FN:305,(anonymous_30)
FN:314,getOwnPropertyNames
FN:322,(anonymous_32)
FN:333,(anonymous_33)
FN:342,defineProperties
FN:356,(anonymous_35)
FN:360,(anonymous_36)
FN:370,(anonymous_37)
FN:381,(anonymous_38)
FN:398,(anonymous_39)
FN:406,(anonymous_40)
FN:414,(anonymous_41)
FN:418,(anonymous_42)
FN:426,(anonymous_43)
FN:430,(anonymous_44)
FN:440,(anonymous_45)
FN:451,(anonymous_46)
FN:458,(anonymous_47)
FN:459,(anonymous_48)
FN:490,(anonymous_49)
FN:498,(anonymous_50)
FN:506,(anonymous_51)
FN:510,(anonymous_52)
FN:518,(anonymous_53)
FN:523,(anonymous_54)
FN:535,(anonymous_55)
FN:543,ownKeys
FN:553,(anonymous_57)
FN:563,(anonymous_58)
FN:573,(anonymous_59)
FN:574,(anonymous_60)
FN:598,(anonymous_61)
FN:600,(anonymous_62)
FN:613,(anonymous_63)
FN:623,(anonymous_64)
FN:640,(anonymous_65)
FN:653,(anonymous_66)
FN:657,(anonymous_67)
FN:658,(anonymous_68)
FN:671,(anonymous_69)
FN:675,(anonymous_70)
FN:678,(anonymous_71)
FN:684,(anonymous_72)
FN:688,(anonymous_73)
FN:691,(anonymous_74)
FN:708,(anonymous_75)
FN:722,(anonymous_76)
FN:726,(anonymous_77)
FN:746,toString
FN:754,(anonymous_79)
FN:760,(anonymous_80)
FN:778,(anonymous_81)
FN:786,(anonymous_82)
FN:803,(anonymous_83)
FN:809,(anonymous_84)
FN:817,(anonymous_85)
FN:829,(anonymous_86)
FN:832,(anonymous_87)
FN:855,create
FN:873,(anonymous_89)
FN:886,(anonymous_90)
FN:890,(anonymous_91)
FN:900,(anonymous_92)
FN:907,(anonymous_93)
FN:912,(anonymous_94)
FN:913,(anonymous_95)
FN:920,(anonymous_96)
FN:922,(anonymous_97)
FN:930,(anonymous_98)
FN:935,(anonymous_99)
FN:943,(anonymous_100)
FN:949,(anonymous_101)
FN:951,(anonymous_102)
FN:960,(anonymous_103)
FN:966,(anonymous_104)
FN:974,(anonymous_105)
FN:988,(anonymous_106)
FN:999,defineProperty
FN:1015,(anonymous_108)
FN:1025,(anonymous_109)
FN:1032,(anonymous_110)
FN:1040,(anonymous_111)
FN:1068,(anonymous_112)
FN:1098,Number
FN:1103,(anonymous_114)
FN:1126,(anonymous_115)
FN:1141,(anonymous_116)
FN:1155,(anonymous_117)
FN:1161,(anonymous_118)
FN:1163,(anonymous_119)
FN:1165,(anonymous_120)
FN:1173,(anonymous_121)
FN:1183,(anonymous_122)
FN:1192,(anonymous_123)
FN:1203,(anonymous_124)
FN:1210,(anonymous_125)
FN:1264,(anonymous_126)
FN:1272,(anonymous_127)
FN:1285,(anonymous_128)
FN:1293,(anonymous_129)
FN:1297,(anonymous_130)
FN:1305,(anonymous_131)
FN:1319,(anonymous_132)
FN:1324,(anonymous_133)
FN:1346,(anonymous_134)
FN:1353,(anonymous_135)
FN:1370,(anonymous_136)
FN:1379,(anonymous_137)
FN:1387,(anonymous_138)
FN:1392,(anonymous_139)
FN:1404,(anonymous_140)
FN:1412,(anonymous_141)
FN:1414,(anonymous_142)
FN:1426,(anonymous_143)
FN:1431,(anonymous_144)
FN:1435,(anonymous_145)
FN:1444,(anonymous_146)
FN:1456,propertyIsEnumerable
FN:1465,(anonymous_148)
FN:1474,(anonymous_149)
FN:1483,setPrototypeOf
FN:1496,(anonymous_151)
FN:1503,(anonymous_152)
FN:1505,(anonymous_153)
FN:1505,(anonymous_154)
FN:1524,(anonymous_155)
FN:1531,keys
FN:1539,(anonymous_157)
FN:1546,(anonymous_158)
FN:1560,(anonymous_159)
FN:1566,isArray
FN:1574,(anonymous_161)
FN:1580,(anonymous_162)
FN:1587,(anonymous_163)
FN:1617,(anonymous_164)
FN:1624,(anonymous_165)
FN:1632,(anonymous_166)
FN:1637,(anonymous_167)
FN:1641,(anonymous_168)
FN:1644,(anonymous_169)
FN:1647,(anonymous_170)
FN:1650,(anonymous_171)
FN:1654,(anonymous_172)
FN:1663,(anonymous_173)
FN:1695,(anonymous_174)
FN:1729,normalizeComponent
FN:1763,(anonymous_176)
FN:1787,(anonymous_177)
FN:1798,renderWithStyleInjection
FN:1842,(anonymous_179)
FN:1848,(anonymous_180)
FN:1874,mounted
FN:1877,(anonymous_182)
FN:1882,rowStyle
FN:1918,(anonymous_184)
FN:1944,data
FN:1950,colStyle
FN:1989,(anonymous_187)
FN:1993,(anonymous_188)
FN:2007,install
FN:2008,(anonymous_190)
FN:2019,(anonymous_191)
FN:2020,(anonymous_192)
FN:2021,(anonymous_193)
FN:2022,(anonymous_194)
FN:2030,(anonymous_195)
FN:2036,(anonymous_196)
FN:2044,(anonymous_197)
FNF:198
FNH:0
FNDA:0,webpackUniversalModuleDefinition
FNDA:0,(anonymous_1)
FNDA:0,(anonymous_2)
FNDA:0,__webpack_require__
FNDA:0,(anonymous_4)
FNDA:0,(anonymous_5)
FNDA:0,(anonymous_6)
FNDA:0,(anonymous_7)
FNDA:0,(anonymous_8)
FNDA:0,getDefault
FNDA:0,getModuleExports
FNDA:0,(anonymous_11)
FNDA:0,(anonymous_12)
FNDA:0,(anonymous_13)
FNDA:0,getOwnPropertyDescriptor
FNDA:0,(anonymous_15)
FNDA:0,(anonymous_16)
FNDA:0,(anonymous_17)
FNDA:0,(anonymous_18)
FNDA:0,(anonymous_19)
FNDA:0,forEach
FNDA:0,(anonymous_21)
FNDA:0,(anonymous_22)
FNDA:0,(anonymous_23)
FNDA:0,(anonymous_24)
FNDA:0,(anonymous_25)
FNDA:0,(anonymous_26)
FNDA:0,(anonymous_27)
FNDA:0,(anonymous_28)
FNDA:0,(anonymous_29)
FNDA:0,(anonymous_30)
FNDA:0,getOwnPropertyNames
FNDA:0,(anonymous_32)
FNDA:0,(anonymous_33)
FNDA:0,defineProperties
FNDA:0,(anonymous_35)
FNDA:0,(anonymous_36)
FNDA:0,(anonymous_37)
FNDA:0,(anonymous_38)
FNDA:0,(anonymous_39)
FNDA:0,(anonymous_40)
FNDA:0,(anonymous_41)
FNDA:0,(anonymous_42)
FNDA:0,(anonymous_43)
FNDA:0,(anonymous_44)
FNDA:0,(anonymous_45)
FNDA:0,(anonymous_46)
FNDA:0,(anonymous_47)
FNDA:0,(anonymous_48)
FNDA:0,(anonymous_49)
FNDA:0,(anonymous_50)
FNDA:0,(anonymous_51)
FNDA:0,(anonymous_52)
FNDA:0,(anonymous_53)
FNDA:0,(anonymous_54)
FNDA:0,(anonymous_55)
FNDA:0,ownKeys
FNDA:0,(anonymous_57)
FNDA:0,(anonymous_58)
FNDA:0,(anonymous_59)
FNDA:0,(anonymous_60)
FNDA:0,(anonymous_61)
FNDA:0,(anonymous_62)
FNDA:0,(anonymous_63)
FNDA:0,(anonymous_64)
FNDA:0,(anonymous_65)
FNDA:0,(anonymous_66)
FNDA:0,(anonymous_67)
FNDA:0,(anonymous_68)
FNDA:0,(anonymous_69)
FNDA:0,(anonymous_70)
FNDA:0,(anonymous_71)
FNDA:0,(anonymous_72)
FNDA:0,(anonymous_73)
FNDA:0,(anonymous_74)
FNDA:0,(anonymous_75)
FNDA:0,(anonymous_76)
FNDA:0,(anonymous_77)
FNDA:0,toString
FNDA:0,(anonymous_79)
FNDA:0,(anonymous_80)
FNDA:0,(anonymous_81)
FNDA:0,(anonymous_82)
FNDA:0,(anonymous_83)
FNDA:0,(anonymous_84)
FNDA:0,(anonymous_85)
FNDA:0,(anonymous_86)
FNDA:0,(anonymous_87)
FNDA:0,create
FNDA:0,(anonymous_89)
FNDA:0,(anonymous_90)
FNDA:0,(anonymous_91)
FNDA:0,(anonymous_92)
FNDA:0,(anonymous_93)
FNDA:0,(anonymous_94)
FNDA:0,(anonymous_95)
FNDA:0,(anonymous_96)
FNDA:0,(anonymous_97)
FNDA:0,(anonymous_98)
FNDA:0,(anonymous_99)
FNDA:0,(anonymous_100)
FNDA:0,(anonymous_101)
FNDA:0,(anonymous_102)
FNDA:0,(anonymous_103)
FNDA:0,(anonymous_104)
FNDA:0,(anonymous_105)
FNDA:0,(anonymous_106)
FNDA:0,defineProperty
FNDA:0,(anonymous_108)
FNDA:0,(anonymous_109)
FNDA:0,(anonymous_110)
FNDA:0,(anonymous_111)
FNDA:0,(anonymous_112)
FNDA:0,Number
FNDA:0,(anonymous_114)
FNDA:0,(anonymous_115)
FNDA:0,(anonymous_116)
FNDA:0,(anonymous_117)
FNDA:0,(anonymous_118)
FNDA:0,(anonymous_119)
FNDA:0,(anonymous_120)
FNDA:0,(anonymous_121)
FNDA:0,(anonymous_122)
FNDA:0,(anonymous_123)
FNDA:0,(anonymous_124)
FNDA:0,(anonymous_125)
FNDA:0,(anonymous_126)
FNDA:0,(anonymous_127)
FNDA:0,(anonymous_128)
FNDA:0,(anonymous_129)
FNDA:0,(anonymous_130)
FNDA:0,(anonymous_131)
FNDA:0,(anonymous_132)
FNDA:0,(anonymous_133)
FNDA:0,(anonymous_134)
FNDA:0,(anonymous_135)
FNDA:0,(anonymous_136)
FNDA:0,(anonymous_137)
FNDA:0,(anonymous_138)
FNDA:0,(anonymous_139)
FNDA:0,(anonymous_140)
FNDA:0,(anonymous_141)
FNDA:0,(anonymous_142)
FNDA:0,(anonymous_143)
FNDA:0,(anonymous_144)
FNDA:0,(anonymous_145)
FNDA:0,(anonymous_146)
FNDA:0,propertyIsEnumerable
FNDA:0,(anonymous_148)
FNDA:0,(anonymous_149)
FNDA:0,setPrototypeOf
FNDA:0,(anonymous_151)
FNDA:0,(anonymous_152)
FNDA:0,(anonymous_153)
FNDA:0,(anonymous_154)
FNDA:0,(anonymous_155)
FNDA:0,keys
FNDA:0,(anonymous_157)
FNDA:0,(anonymous_158)
FNDA:0,(anonymous_159)
FNDA:0,isArray
FNDA:0,(anonymous_161)
FNDA:0,(anonymous_162)
FNDA:0,(anonymous_163)
FNDA:0,(anonymous_164)
FNDA:0,(anonymous_165)
FNDA:0,(anonymous_166)
FNDA:0,(anonymous_167)
FNDA:0,(anonymous_168)
FNDA:0,(anonymous_169)
FNDA:0,(anonymous_170)
FNDA:0,(anonymous_171)
FNDA:0,(anonymous_172)
FNDA:0,(anonymous_173)
FNDA:0,(anonymous_174)
FNDA:0,normalizeComponent
FNDA:0,(anonymous_176)
FNDA:0,(anonymous_177)
FNDA:0,renderWithStyleInjection
FNDA:0,(anonymous_179)
FNDA:0,(anonymous_180)
FNDA:0,mounted
FNDA:0,(anonymous_182)
FNDA:0,rowStyle
FNDA:0,(anonymous_184)
FNDA:0,data
FNDA:0,colStyle
FNDA:0,(anonymous_187)
FNDA:0,(anonymous_188)
FNDA:0,install
FNDA:0,(anonymous_190)
FNDA:0,(anonymous_191)
FNDA:0,(anonymous_192)
FNDA:0,(anonymous_193)
FNDA:0,(anonymous_194)
FNDA:0,(anonymous_195)
FNDA:0,(anonymous_196)
FNDA:0,(anonymous_197)
DA:1,0
DA:2,0
DA:3,0
DA:4,0
DA:5,0
DA:6,0
DA:7,0
DA:9,0
DA:11,0
DA:13,0
DA:19,0
DA:20,0
DA:23,0
DA:30,0
DA:33,0
DA:36,0
DA:41,0
DA:44,0
DA:47,0
DA:48,0
DA:49,0
DA:54,0
DA:55,0
DA:56,0
DA:58,0
DA:66,0
DA:67,0
DA:68,0
DA:69,0
DA:70,0
DA:71,0
DA:72,0
DA:73,0
DA:74,0
DA:78,0
DA:79,0
DA:80,0
DA:81,0
DA:82,0
DA:83,0
DA:87,0
DA:90,0
DA:94,0
DA:109,0
DA:110,0
DA:111,0
DA:112,0
DA:113,0
DA:114,0
DA:115,0
DA:117,0
DA:121,0
DA:122,0
DA:123,0
DA:124,0
DA:125,0
DA:127,0
DA:136,0
DA:137,0
DA:138,0
DA:141,0
DA:142,0
DA:143,0
DA:153,0
DA:154,0
DA:155,0
DA:156,0
DA:158,0
DA:159,0
DA:160,0
DA:162,0
DA:163,0
DA:165,0
DA:177,0
DA:178,0
DA:182,0
DA:183,0
DA:192,0
DA:194,0
DA:202,0
DA:203,0
DA:204,0
DA:205,0
DA:216,0
DA:217,0
DA:218,0
DA:227,0
DA:229,0
DA:230,0
DA:235,0
DA:236,0
DA:237,0
DA:246,0
DA:247,0
DA:248,0
DA:249,0
DA:250,0
DA:251,0
DA:252,0
DA:268,0
DA:269,0
DA:270,0
DA:271,0
DA:273,0
DA:274,0
DA:275,0
DA:276,0
DA:278,0
DA:280,0
DA:281,0
DA:282,0
DA:283,0
DA:284,0
DA:285,0
DA:286,0
DA:288,0
DA:289,0
DA:290,0
DA:293,0
DA:294,0
DA:297,0
DA:307,0
DA:308,0
DA:310,0
DA:314,0
DA:315,0
DA:325,0
DA:326,0
DA:328,0
DA:335,0
DA:336,0
DA:337,0
DA:338,0
DA:342,0
DA:343,0
DA:344,0
DA:345,0
DA:346,0
DA:348,0
DA:349,0
DA:358,0
DA:360,0
DA:361,0
DA:362,0
DA:363,0
DA:373,0
DA:374,0
DA:376,0
DA:385,0
DA:386,0
DA:390,0
DA:400,0
DA:408,0
DA:409,0
DA:411,0
DA:414,0
DA:417,0
DA:419,0
DA:428,0
DA:430,0
DA:433,0
DA:443,0
DA:444,0
DA:446,0
DA:453,0
DA:454,0
DA:455,0
DA:458,0
DA:459,0
DA:460,0
DA:461,0
DA:462,0
DA:466,0
DA:467,0
DA:469,0
DA:471,0
DA:472,0
DA:473,0
DA:477,0
DA:492,0
DA:494,0
DA:498,0
DA:499,0
DA:508,0
DA:510,0
DA:511,0
DA:520,0
DA:521,0
DA:523,0
DA:524,0
DA:537,0
DA:538,0
DA:539,0
DA:540,0
DA:543,0
DA:544,0
DA:545,0
DA:546,0
DA:557,0
DA:565,0
DA:566,0
DA:568,0
DA:569,0
DA:570,0
DA:573,0
DA:574,0
DA:575,0
DA:576,0
DA:577,0
DA:578,0
DA:582,0
DA:600,0
DA:601,0
DA:615,0
DA:616,0
DA:617,0
DA:619,0
DA:623,0
DA:625,0
DA:626,0
DA:628,0
DA:629,0
DA:630,0
DA:631,0
DA:633,0
DA:642,0
DA:643,0
DA:644,0
DA:645,0
DA:646,0
DA:647,0
DA:648,0
DA:650,0
DA:653,0
DA:654,0
DA:657,0
DA:658,0
DA:660,0
DA:661,0
DA:662,0
DA:666,0
DA:667,0
DA:668,0
DA:669,0
DA:670,0
DA:671,0
DA:672,0
DA:673,0
DA:675,0
DA:676,0
DA:678,0
DA:679,0
DA:682,0
DA:683,0
DA:684,0
DA:685,0
DA:686,0
DA:688,0
DA:689,0
DA:691,0
DA:692,0
DA:696,0
DA:710,0
DA:711,0
DA:712,0
DA:713,0
DA:714,0
DA:715,0
DA:716,0
DA:718,0
DA:719,0
DA:720,0
DA:722,0
DA:723,0
DA:726,0
DA:727,0
DA:728,0
DA:729,0
DA:730,0
DA:731,0
DA:732,0
DA:734,0
DA:735,0
DA:736,0
DA:737,0
DA:738,0
DA:739,0
DA:740,0
DA:741,0
DA:743,0
DA:744,0
DA:747,0
DA:756,0
DA:757,0
DA:760,0
DA:762,0
DA:770,0
DA:771,0
DA:780,0
DA:789,0
DA:805,0
DA:809,0
DA:810,0
DA:819,0
DA:820,0
DA:821,0
DA:822,0
DA:823,0
DA:824,0
DA:825,0
DA:826,0
DA:828,0
DA:829,0
DA:832,0
DA:834,0
DA:835,0
DA:836,0
DA:837,0
DA:838,0
DA:839,0
DA:841,0
DA:842,0
DA:843,0
DA:844,0
DA:845,0
DA:846,0
DA:847,0
DA:848,0
DA:849,0
DA:850,0
DA:855,0
DA:857,0
DA:858,0
DA:859,0
DA:860,0
DA:862,0
DA:863,0
DA:864,0
DA:867,0
DA:875,0
DA:876,0
DA:878,0
DA:880,0
DA:888,0
DA:890,0
DA:891,0
DA:892,0
DA:893,0
DA:909,0
DA:912,0
DA:913,0
DA:922,0
DA:923,0
DA:932,0
DA:933,0
DA:935,0
DA:936,0
DA:945,0
DA:946,0
DA:947,0
DA:949,0
DA:950,0
DA:952,0
DA:953,0
DA:962,0
DA:964,0
DA:966,0
DA:967,0
DA:968,0
DA:974,0
DA:975,0
DA:978,0
DA:979,0
DA:980,0
DA:982,0
DA:990,0
DA:991,0
DA:992,0
DA:993,0
DA:995,0
DA:999,0
DA:1000,0
DA:1001,0
DA:1002,0
DA:1003,0
DA:1004,0
DA:1006,0
DA:1007,0
DA:1008,0
DA:1017,0
DA:1019,0
DA:1027,0
DA:1028,0
DA:1032,0
DA:1033,0
DA:1044,0
DA:1045,0
DA:1046,0
DA:1047,0
DA:1048,0
DA:1049,0
DA:1050,0
DA:1051,0
DA:1052,0
DA:1053,0
DA:1054,0
DA:1055,0
DA:1056,0
DA:1057,0
DA:1059,0
DA:1060,0
DA:1061,0
DA:1064,0
DA:1068,0
DA:1069,0
DA:1071,0
DA:1072,0
DA:1073,0
DA:1074,0
DA:1075,0
DA:1076,0
DA:1077,0
DA:1078,0
DA:1079,0
DA:1080,0
DA:1081,0
DA:1083,0
DA:1084,0
DA:1085,0
DA:1086,0
DA:1089,0
DA:1090,0
DA:1092,0
DA:1097,0
DA:1098,0
DA:1099,0
DA:1100,0
DA:1101,0
DA:1103,0
DA:1106,0
DA:1112,0
DA:1113,0
DA:1114,0
DA:1117,0
DA:1118,0
DA:1119,0
DA:1128,0
DA:1129,0
DA:1131,0
DA:1132,0
DA:1133,0
DA:1134,0
DA:1138,0
DA:1139,0
DA:1142,0
DA:1143,0
DA:1145,0
DA:1159,0
DA:1161,0
DA:1162,0
DA:1163,0
DA:1165,0
DA:1175,0
DA:1176,0
DA:1177,0
DA:1178,0
DA:1180,0
DA:1181,0
DA:1183,0
DA:1184,0
DA:1194,0
DA:1195,0
DA:1196,0
DA:1197,0
DA:1198,0
DA:1200,0
DA:1203,0
DA:1204,0
DA:1205,0
DA:1206,0
DA:1207,0
DA:1208,0
DA:1209,0
DA:1210,0
DA:1211,0
DA:1212,0
DA:1213,0
DA:1214,0
DA:1215,0
DA:1216,0
DA:1217,0
DA:1219,0
DA:1220,0
DA:1221,0
DA:1222,0
DA:1223,0
DA:1224,0
DA:1225,0
DA:1226,0
DA:1227,0
DA:1228,0
DA:1229,0
DA:1232,0
DA:1236,0
DA:1266,0
DA:1272,0
DA:1273,0
DA:1275,0
DA:1276,0
DA:1277,0
DA:1278,0
DA:1287,0
DA:1295,0
DA:1297,0
DA:1298,0
DA:1307,0
DA:1308,0
DA:1310,0
DA:1311,0
DA:1313,0
DA:1324,0
DA:1325,0
DA:1328,0
DA:1330,0
DA:1333,0
DA:1340,0
DA:1348,0
DA:1349,0
DA:1350,0
DA:1351,0
DA:1353,0
DA:1354,0
DA:1355,0
DA:1356,0
DA:1358,0
DA:1360,0
DA:1361,0
DA:1363,0
DA:1372,0
DA:1373,0
DA:1375,0
DA:1377,0
DA:1379,0
DA:1380,0
DA:1389,0
DA:1390,0
DA:1392,0
DA:1393,0
DA:1394,0
DA:1396,0
DA:1397,0
DA:1406,0
DA:1414,0
DA:1415,0
DA:1416,0
DA:1418,0
DA:1428,0
DA:1429,0
DA:1431,0
DA:1432,0
DA:1435,0
DA:1436,0
DA:1448,0
DA:1449,0
DA:1452,0
DA:1456,0
DA:1457,0
DA:1458,0
DA:1467,0
DA:1468,0
DA:1474,0
DA:1475,0
DA:1476,0
DA:1478,0
DA:1479,0
DA:1480,0
DA:1481,0
DA:1483,0
DA:1484,0
DA:1485,0
DA:1486,0
DA:1487,0
DA:1488,0
DA:1505,0
DA:1506,0
DA:1510,0
DA:1526,0
DA:1527,0
DA:1531,0
DA:1532,0
DA:1541,0
DA:1542,0
DA:1543,0
DA:1544,0
DA:1546,0
DA:1547,0
DA:1548,0
DA:1549,0
DA:1550,0
DA:1551,0
DA:1552,0
DA:1562,0
DA:1566,0
DA:1567,0
DA:1580,0
DA:1581,0
DA:1582,0
DA:1585,0
DA:1586,0
DA:1591,0
DA:1596,0
DA:1599,0
DA:1600,0
DA:1601,0
DA:1606,0
DA:1619,0
DA:1620,0
DA:1622,0
DA:1624,0
DA:1625,0
DA:1634,0
DA:1637,0
DA:1638,0
DA:1639,0
DA:1640,0
DA:1641,0
DA:1642,0
DA:1644,0
DA:1645,0
DA:1647,0
DA:1648,0
DA:1650,0
DA:1651,0
DA:1654,0
DA:1655,0
DA:1666,0
DA:1671,0
DA:1672,0
DA:1673,0
DA:1677,0
DA:1678,0
DA:1683,0
DA:1686,0
DA:1689,0
DA:1692,0
DA:1695,0
DA:1696,0
DA:1708,0
DA:1718,0
DA:1720,0
DA:1740,0
DA:1745,0
DA:1746,0
DA:1747,0
DA:1748,0
DA:1752,0
DA:1753,0
DA:1757,0
DA:1758,0
DA:1762,0
DA:1763,0
DA:1765,0
DA:1770,0
DA:1771,0
DA:1774,0
DA:1775,0
DA:1778,0
DA:1779,0
DA:1784,0
DA:1785,0
DA:1786,0
DA:1787,0
DA:1791,0
DA:1792,0
DA:1795,0
DA:1797,0
DA:1798,0
DA:1799,0
DA:1800,0
DA:1804,0
DA:1805,0
DA:1811,0
DA:1826,0
DA:1837,0
DA:1842,0
DA:1843,0
DA:1846,0
DA:1848,0
DA:1849,0
DA:1855,0
DA:1867,0
DA:1875,0
DA:1877,0
DA:1878,0
DA:1883,0
DA:1884,0
DA:1892,0
DA:1894,0
DA:1905,0
DA:1916,0
DA:1918,0
DA:1919,0
DA:1934,0
DA:1945,0
DA:1951,0
DA:1959,0
DA:1961,0
DA:1972,0
DA:1983,0
DA:1989,0
DA:1990,0
DA:1993,0
DA:1994,0
DA:2005,0
DA:2007,0
DA:2008,0
DA:2009,0
DA:2013,0
DA:2014,0
DA:2019,0
DA:2020,0
DA:2021,0
DA:2022,0
DA:2033,0
DA:2034,0
DA:2036,0
DA:2037,0
DA:2048,0
LF:728
LH:0
BRDA:2,0,0,0
BRDA:2,0,1,0
BRDA:2,1,0,0
BRDA:2,1,1,0
BRDA:4,2,0,0
BRDA:4,2,1,0
BRDA:4,3,0,0
BRDA:4,3,1,0
BRDA:6,4,0,0
BRDA:6,4,1,0
BRDA:10,5,0,0
BRDA:10,5,1,0
BRDA:19,6,0,0
BRDA:19,6,1,0
BRDA:48,7,0,0
BRDA:48,7,1,0
BRDA:55,8,0,0
BRDA:55,8,1,0
BRDA:55,9,0,0
BRDA:55,9,1,0
BRDA:67,10,0,0
BRDA:67,10,1,0
BRDA:68,11,0,0
BRDA:68,11,1,0
BRDA:69,12,0,0
BRDA:69,12,1,0
BRDA:69,13,0,0
BRDA:69,13,1,0
BRDA:69,13,2,0
BRDA:69,13,3,0
BRDA:73,14,0,0
BRDA:73,14,1,0
BRDA:73,15,0,0
BRDA:73,15,1,0
BRDA:79,16,0,0
BRDA:79,16,1,0
BRDA:79,17,0,0
BRDA:79,17,1,0
BRDA:121,18,0,0
BRDA:121,18,1,0
BRDA:124,19,0,0
BRDA:124,19,1,0
BRDA:127,20,0,0
BRDA:127,20,1,0
BRDA:141,21,0,0
BRDA:141,21,1,0
BRDA:160,22,0,0
BRDA:160,22,1,0
BRDA:162,23,0,0
BRDA:162,23,1,0
BRDA:162,24,0,0
BRDA:162,24,1,0
BRDA:182,25,0,0
BRDA:182,25,1,0
BRDA:183,26,0,0
BRDA:183,26,1,0
BRDA:203,27,0,0
BRDA:203,27,1,0
BRDA:217,28,0,0
BRDA:217,28,1,0
BRDA:237,29,0,0
BRDA:237,29,1,0
BRDA:273,30,0,0
BRDA:273,30,1,0
BRDA:275,31,0,0
BRDA:275,31,1,0
BRDA:276,32,0,0
BRDA:276,32,1,0
BRDA:278,33,0,0
BRDA:278,33,1,0
BRDA:280,34,0,0
BRDA:280,34,1,0
BRDA:282,35,0,0
BRDA:282,35,1,0
BRDA:284,36,0,0
BRDA:284,36,1,0
BRDA:286,37,0,0
BRDA:286,37,1,0
BRDA:286,38,0,0
BRDA:286,38,1,0
BRDA:288,39,0,0
BRDA:288,39,1,0
BRDA:288,40,0,0
BRDA:288,40,1,0
BRDA:289,41,0,0
BRDA:289,41,1,0
BRDA:293,42,0,0
BRDA:293,42,1,0
BRDA:293,43,0,0
BRDA:293,43,1,0
BRDA:293,43,2,0
BRDA:314,44,0,0
BRDA:314,44,1,0
BRDA:342,45,0,0
BRDA:342,45,1,0
BRDA:361,46,0,0
BRDA:361,46,1,0
BRDA:361,47,0,0
BRDA:361,47,1,0
BRDA:414,48,0,0
BRDA:414,48,1,0
BRDA:419,49,0,0
BRDA:419,49,1,0
BRDA:430,50,0,0
BRDA:430,50,1,0
BRDA:466,51,0,0
BRDA:466,51,1,0
BRDA:466,52,0,0
BRDA:466,52,1,0
BRDA:469,53,0,0
BRDA:469,53,1,0
BRDA:472,54,0,0
BRDA:472,54,1,0
BRDA:472,55,0,0
BRDA:472,55,1,0
BRDA:472,55,2,0
BRDA:472,56,0,0
BRDA:472,56,1,0
BRDA:472,56,2,0
BRDA:473,57,0,0
BRDA:473,57,1,0
BRDA:499,58,0,0
BRDA:499,58,1,0
BRDA:524,59,0,0
BRDA:524,59,1,0
BRDA:524,60,0,0
BRDA:524,60,1,0
BRDA:527,61,0,0
BRDA:527,61,1,0
BRDA:543,62,0,0
BRDA:543,62,1,0
BRDA:546,63,0,0
BRDA:546,63,1,0
BRDA:576,64,0,0
BRDA:576,64,1,0
BRDA:577,65,0,0
BRDA:577,65,1,0
BRDA:625,66,0,0
BRDA:625,66,1,0
BRDA:628,67,0,0
BRDA:628,67,1,0
BRDA:628,68,0,0
BRDA:628,68,1,0
BRDA:628,68,2,0
BRDA:629,69,0,0
BRDA:629,69,1,0
BRDA:631,70,0,0
BRDA:631,70,1,0
BRDA:633,71,0,0
BRDA:633,71,1,0
BRDA:633,72,0,0
BRDA:633,72,1,0
BRDA:654,73,0,0
BRDA:654,73,1,0
BRDA:660,74,0,0
BRDA:660,74,1,0
BRDA:660,75,0,0
BRDA:660,75,1,0
BRDA:666,76,0,0
BRDA:666,76,1,0
BRDA:676,77,0,0
BRDA:676,77,1,0
BRDA:689,78,0,0
BRDA:689,78,1,0
BRDA:727,79,0,0
BRDA:727,79,1,0
BRDA:728,80,0,0
BRDA:728,80,1,0
BRDA:729,81,0,0
BRDA:729,81,1,0
BRDA:730,82,0,0
BRDA:730,82,1,0
BRDA:731,83,0,0
BRDA:731,83,1,0
BRDA:731,84,0,0
BRDA:731,84,1,0
BRDA:732,85,0,0
BRDA:732,85,1,0
BRDA:734,86,0,0
BRDA:734,86,1,0
BRDA:735,87,0,0
BRDA:735,87,1,0
BRDA:738,88,0,0
BRDA:738,88,1,0
BRDA:740,89,0,0
BRDA:740,89,1,0
BRDA:740,90,0,0
BRDA:740,90,1,0
BRDA:743,91,0,0
BRDA:743,91,1,0
BRDA:747,92,0,0
BRDA:747,92,1,0
BRDA:747,92,2,0
BRDA:762,93,0,0
BRDA:762,93,1,0
BRDA:764,94,0,0
BRDA:764,94,1,0
BRDA:764,94,2,0
BRDA:764,94,3,0
BRDA:764,94,4,0
BRDA:855,95,0,0
BRDA:855,95,1,0
BRDA:857,96,0,0
BRDA:857,96,1,0
BRDA:864,97,0,0
BRDA:864,97,1,0
BRDA:880,98,0,0
BRDA:880,98,1,0
BRDA:891,99,0,0
BRDA:891,99,1,0
BRDA:923,100,0,0
BRDA:923,100,1,0
BRDA:936,101,0,0
BRDA:936,101,1,0
BRDA:949,102,0,0
BRDA:949,102,1,0
BRDA:968,103,0,0
BRDA:968,103,1,0
BRDA:969,104,0,0
BRDA:969,104,1,0
BRDA:970,105,0,0
BRDA:970,105,1,0
BRDA:999,106,0,0
BRDA:999,106,1,0
BRDA:1003,107,0,0
BRDA:1003,107,1,0
BRDA:1006,108,0,0
BRDA:1006,108,1,0
BRDA:1006,109,0,0
BRDA:1006,109,1,0
BRDA:1007,110,0,0
BRDA:1007,110,1,0
BRDA:1033,111,0,0
BRDA:1033,111,1,0
BRDA:1033,112,0,0
BRDA:1033,112,1,0
BRDA:1071,113,0,0
BRDA:1071,113,1,0
BRDA:1071,114,0,0
BRDA:1071,114,1,0
BRDA:1074,115,0,0
BRDA:1074,115,1,0
BRDA:1074,116,0,0
BRDA:1074,116,1,0
BRDA:1076,117,0,0
BRDA:1076,117,1,0
BRDA:1076,118,0,0
BRDA:1076,118,1,0
BRDA:1077,119,0,0
BRDA:1077,119,1,0
BRDA:1078,120,0,0
BRDA:1078,120,1,0
BRDA:1078,120,2,0
BRDA:1078,120,3,0
BRDA:1078,120,4,0
BRDA:1089,121,0,0
BRDA:1089,121,1,0
BRDA:1089,122,0,0
BRDA:1089,122,1,0
BRDA:1097,123,0,0
BRDA:1097,123,1,0
BRDA:1097,124,0,0
BRDA:1097,124,1,0
BRDA:1097,124,2,0
BRDA:1099,125,0,0
BRDA:1099,125,1,0
BRDA:1101,126,0,0
BRDA:1101,126,1,0
BRDA:1101,127,0,0
BRDA:1101,127,1,0
BRDA:1103,128,0,0
BRDA:1103,128,1,0
BRDA:1106,129,0,0
BRDA:1106,129,1,0
BRDA:1113,130,0,0
BRDA:1113,130,1,0
BRDA:1113,131,0,0
BRDA:1113,131,1,0
BRDA:1138,132,0,0
BRDA:1138,132,1,0
BRDA:1138,133,0,0
BRDA:1138,133,1,0
BRDA:1163,134,0,0
BRDA:1163,134,1,0
BRDA:1165,135,0,0
BRDA:1165,135,1,0
BRDA:1184,136,0,0
BRDA:1184,136,1,0
BRDA:1184,137,0,0
BRDA:1184,137,1,0
BRDA:1184,137,2,0
BRDA:1185,138,0,0
BRDA:1185,138,1,0
BRDA:1209,139,0,0
BRDA:1209,139,1,0
BRDA:1216,140,0,0
BRDA:1216,140,1,0
BRDA:1217,141,0,0
BRDA:1217,141,1,0
BRDA:1217,142,0,0
BRDA:1217,142,1,0
BRDA:1219,143,0,0
BRDA:1219,143,1,0
BRDA:1219,144,0,0
BRDA:1219,144,1,0
BRDA:1222,145,0,0
BRDA:1222,145,1,0
BRDA:1223,146,0,0
BRDA:1223,146,1,0
BRDA:1224,147,0,0
BRDA:1224,147,1,0
BRDA:1224,148,0,0
BRDA:1224,148,1,0
BRDA:1224,148,2,0
BRDA:1224,148,3,0
BRDA:1229,149,0,0
BRDA:1229,149,1,0
BRDA:1232,150,0,0
BRDA:1232,150,1,0
BRDA:1232,151,0,0
BRDA:1232,151,1,0
BRDA:1232,152,0,0
BRDA:1232,152,1,0
BRDA:1273,153,0,0
BRDA:1273,153,1,0
BRDA:1275,154,0,0
BRDA:1275,154,1,0
BRDA:1275,155,0,0
BRDA:1275,155,1,0
BRDA:1275,155,2,0
BRDA:1276,156,0,0
BRDA:1276,156,1,0
BRDA:1276,157,0,0
BRDA:1276,157,1,0
BRDA:1277,158,0,0
BRDA:1277,158,1,0
BRDA:1277,159,0,0
BRDA:1277,159,1,0
BRDA:1277,159,2,0
BRDA:1311,160,0,0
BRDA:1311,160,1,0
BRDA:1330,161,0,0
BRDA:1330,161,1,0
BRDA:1333,162,0,0
BRDA:1333,162,1,0
BRDA:1358,163,0,0
BRDA:1358,163,1,0
BRDA:1358,163,2,0
BRDA:1360,164,0,0
BRDA:1360,164,1,0
BRDA:1361,165,0,0
BRDA:1361,165,1,0
BRDA:1377,166,0,0
BRDA:1377,166,1,0
BRDA:1380,167,0,0
BRDA:1380,167,1,0
BRDA:1432,168,0,0
BRDA:1432,168,1,0
BRDA:1436,169,0,0
BRDA:1436,169,1,0
BRDA:1436,170,0,0
BRDA:1436,170,1,0
BRDA:1437,171,0,0
BRDA:1437,171,1,0
BRDA:1437,171,2,0
BRDA:1437,171,3,0
BRDA:1452,172,0,0
BRDA:1452,172,1,0
BRDA:1456,173,0,0
BRDA:1456,173,1,0
BRDA:1458,174,0,0
BRDA:1458,174,1,0
BRDA:1474,175,0,0
BRDA:1474,175,1,0
BRDA:1474,176,0,0
BRDA:1474,176,1,0
BRDA:1486,177,0,0
BRDA:1486,177,1,0
BRDA:1506,178,0,0
BRDA:1506,178,1,0
BRDA:1506,178,2,0
BRDA:1512,179,0,0
BRDA:1512,179,1,0
BRDA:1512,179,2,0
BRDA:1512,179,3,0
BRDA:1512,179,4,0
BRDA:1512,180,0,0
BRDA:1512,180,1,0
BRDA:1513,181,0,0
BRDA:1513,181,1,0
BRDA:1514,182,0,0
BRDA:1514,182,1,0
BRDA:1515,183,0,0
BRDA:1515,183,1,0
BRDA:1531,184,0,0
BRDA:1531,184,1,0
BRDA:1552,185,0,0
BRDA:1552,185,1,0
BRDA:1566,186,0,0
BRDA:1566,186,1,0
BRDA:1585,187,0,0
BRDA:1585,187,1,0
BRDA:1596,188,0,0
BRDA:1596,188,1,0
BRDA:1600,189,0,0
BRDA:1600,189,1,0
BRDA:1600,190,0,0
BRDA:1600,190,1,0
BRDA:1625,191,0,0
BRDA:1625,191,1,0
BRDA:1639,192,0,0
BRDA:1639,192,1,0
BRDA:1640,193,0,0
BRDA:1640,193,1,0
BRDA:1640,193,2,0
BRDA:1640,193,3,0
BRDA:1671,194,0,0
BRDA:1671,194,1,0
BRDA:1672,195,0,0
BRDA:1672,195,1,0
BRDA:1677,196,0,0
BRDA:1677,196,1,0
BRDA:1677,197,0,0
BRDA:1677,197,1,0
BRDA:1695,198,0,0
BRDA:1695,198,1,0
BRDA:1695,199,0,0
BRDA:1695,199,1,0
BRDA:1740,200,0,0
BRDA:1740,200,1,0
BRDA:1745,201,0,0
BRDA:1745,201,1,0
BRDA:1752,202,0,0
BRDA:1752,202,1,0
BRDA:1757,203,0,0
BRDA:1757,203,1,0
BRDA:1762,204,0,0
BRDA:1762,204,1,0
BRDA:1766,205,0,0
BRDA:1766,205,1,0
BRDA:1766,205,2,0
BRDA:1766,205,3,0
BRDA:1766,205,4,0
BRDA:1766,205,5,0
BRDA:1770,206,0,0
BRDA:1770,206,1,0
BRDA:1770,207,0,0
BRDA:1770,207,1,0
BRDA:1774,208,0,0
BRDA:1774,208,1,0
BRDA:1778,209,0,0
BRDA:1778,209,1,0
BRDA:1778,210,0,0
BRDA:1778,210,1,0
BRDA:1785,211,0,0
BRDA:1785,211,1,0
BRDA:1786,212,0,0
BRDA:1786,212,1,0
BRDA:1791,213,0,0
BRDA:1791,213,1,0
BRDA:1792,214,0,0
BRDA:1792,214,1,0
BRDA:1805,215,0,0
BRDA:1805,215,1,0
BRDA:1848,216,0,0
BRDA:1848,216,1,0
BRDA:1918,217,0,0
BRDA:1918,217,1,0
BRDA:1918,218,0,0
BRDA:1918,218,1,0
BRDA:1918,219,0,0
BRDA:1918,219,1,0
BRDA:1918,220,0,0
BRDA:1918,220,1,0
BRDA:2013,221,0,0
BRDA:2013,221,1,0
BRDA:2013,222,0,0
BRDA:2013,222,1,0
BRF:478
BRH:0
end_of_record
TN:
SF:C:\Users\joinmouse\Desktop\vue-wheel\lib\vue-wheel.umd.min.js
FN:1,(anonymous_0)
FN:1,(anonymous_1)
FN:1,(anonymous_2)
FN:1,e
FN:1,(anonymous_4)
FN:1,(anonymous_5)
FN:1,(anonymous_6)
FN:1,(anonymous_7)
FN:1,(anonymous_8)
FN:1,(anonymous_9)
FN:1,(anonymous_10)
FN:1,(anonymous_11)
FN:1,(anonymous_12)
FN:1,(anonymous_13)
FN:1,(anonymous_14)
FN:1,(anonymous_15)
FN:1,(anonymous_16)
FN:1,(anonymous_17)
FN:1,(anonymous_18)
FN:1,(anonymous_19)
FN:1,(anonymous_20)
FN:1,(anonymous_21)
FN:1,(anonymous_22)
FN:1,(anonymous_23)
FN:1,(anonymous_24)
FN:1,(anonymous_25)
FN:1,(anonymous_26)
FN:1,(anonymous_27)
FN:1,(anonymous_28)
FN:1,(anonymous_29)
FN:1,(anonymous_30)
FN:1,(anonymous_31)
FN:1,(anonymous_32)
FN:1,(anonymous_33)
FN:1,(anonymous_34)
FN:1,(anonymous_35)
FN:1,(anonymous_36)
FN:1,(anonymous_37)
FN:1,(anonymous_38)
FN:1,(anonymous_39)
FN:1,(anonymous_40)
FN:1,(anonymous_41)
FN:1,(anonymous_42)
FN:1,(anonymous_43)
FN:1,(anonymous_44)
FN:1,(anonymous_45)
FN:1,(anonymous_46)
FN:1,(anonymous_47)
FN:1,(anonymous_48)
FN:1,(anonymous_49)
FN:1,(anonymous_50)
FN:1,(anonymous_51)
FN:1,(anonymous_52)
FN:1,(anonymous_53)
FN:1,(anonymous_54)
FN:1,(anonymous_55)
FN:1,(anonymous_56)
FN:1,(anonymous_57)
FN:1,(anonymous_58)
FN:1,(anonymous_59)
FN:1,(anonymous_60)
FN:1,(anonymous_61)
FN:1,(anonymous_62)
FN:1,(anonymous_63)
FN:1,(anonymous_64)
FN:1,(anonymous_65)
FN:1,(anonymous_66)
FN:1,(anonymous_67)
FN:1,(anonymous_68)
FN:1,(anonymous_69)
FN:1,(anonymous_70)
FN:1,(anonymous_71)
FN:1,(anonymous_72)
FN:1,(anonymous_73)
FN:1,(anonymous_74)
FN:1,(anonymous_75)
FN:1,(anonymous_76)
FN:1,(anonymous_77)
FN:1,(anonymous_78)
FN:1,(anonymous_79)
FN:1,(anonymous_80)
FN:1,(anonymous_81)
FN:1,(anonymous_82)
FN:1,(anonymous_83)
FN:1,(anonymous_84)
FN:1,(anonymous_85)
FN:1,(anonymous_86)
FN:1,(anonymous_87)
FN:1,(anonymous_88)
FN:1,(anonymous_89)
FN:1,(anonymous_90)
FN:1,(anonymous_91)
FN:1,(anonymous_92)
FN:1,(anonymous_93)
FN:1,(anonymous_94)
FN:1,(anonymous_95)
FN:1,(anonymous_96)
FN:1,(anonymous_97)
FN:1,(anonymous_98)
FN:1,(anonymous_99)
FN:1,(anonymous_100)
FN:1,(anonymous_101)
FN:1,(anonymous_102)
FN:1,(anonymous_103)
FN:1,(anonymous_104)
FN:1,(anonymous_105)
FN:1,(anonymous_106)
FN:1,(anonymous_107)
FN:1,(anonymous_108)
FN:1,(anonymous_109)
FN:1,(anonymous_110)
FN:1,(anonymous_111)
FN:1,(anonymous_112)
FN:1,(anonymous_113)
FN:1,(anonymous_114)
FN:1,(anonymous_115)
FN:1,(anonymous_116)
FN:1,(anonymous_117)
FN:1,(anonymous_118)
FN:1,(anonymous_119)
FN:1,(anonymous_120)
FN:1,(anonymous_121)
FN:1,(anonymous_122)
FN:1,(anonymous_123)
FN:1,(anonymous_124)
FN:1,(anonymous_125)
FN:1,(anonymous_126)
FN:1,(anonymous_127)
FN:1,(anonymous_128)
FN:1,(anonymous_129)
FN:1,(anonymous_130)
FN:1,(anonymous_131)
FN:1,(anonymous_132)
FN:1,(anonymous_133)
FN:1,(anonymous_134)
FN:1,(anonymous_135)
FN:1,(anonymous_136)
FN:1,(anonymous_137)
FN:1,(anonymous_138)
FN:1,(anonymous_139)
FN:1,(anonymous_140)
FN:1,(anonymous_141)
FN:1,(anonymous_142)
FN:1,(anonymous_143)
FN:1,(anonymous_144)
FN:1,(anonymous_145)
FN:1,(anonymous_146)
FN:1,(anonymous_147)
FN:1,(anonymous_148)
FN:1,(anonymous_149)
FN:1,(anonymous_150)
FN:1,(anonymous_151)
FN:1,(anonymous_152)
FN:1,(anonymous_153)
FN:1,(anonymous_154)
FN:1,(anonymous_155)
FN:1,(anonymous_156)
FN:1,(anonymous_157)
FN:1,(anonymous_158)
FN:1,(anonymous_159)
FN:1,(anonymous_160)
FN:1,(anonymous_161)
FN:1,(anonymous_162)
FN:1,(anonymous_163)
FN:1,(anonymous_164)
FN:1,(anonymous_165)
FN:1,(anonymous_166)
FN:1,(anonymous_167)
FN:1,(anonymous_168)
FN:1,(anonymous_169)
FN:1,(anonymous_170)
FN:1,(anonymous_171)
FN:1,(anonymous_172)
FN:1,(anonymous_173)
FN:1,(anonymous_174)
FN:1,f
FN:1,(anonymous_176)
FN:1,(anonymous_177)
FN:1,(anonymous_178)
FN:1,(anonymous_179)
FN:1,(anonymous_180)
FN:1,(anonymous_181)
FN:1,(anonymous_182)
FN:1,(anonymous_183)
FN:1,(anonymous_184)
FN:1,(anonymous_185)
FN:1,(anonymous_186)
FN:1,(anonymous_187)
FN:1,(anonymous_188)
FN:1,(anonymous_189)
FN:1,(anonymous_190)
FN:1,(anonymous_191)
FN:1,(anonymous_192)
FN:1,(anonymous_193)
FN:1,(anonymous_194)
FN:1,(anonymous_195)
FN:1,(anonymous_196)
FN:1,(anonymous_197)
FNF:198
FNH:0
FNDA:0,(anonymous_0)
FNDA:0,(anonymous_1)
FNDA:0,(anonymous_2)
FNDA:0,e
FNDA:0,(anonymous_4)
FNDA:0,(anonymous_5)
FNDA:0,(anonymous_6)
FNDA:0,(anonymous_7)
FNDA:0,(anonymous_8)
FNDA:0,(anonymous_9)
FNDA:0,(anonymous_10)
FNDA:0,(anonymous_11)
FNDA:0,(anonymous_12)
FNDA:0,(anonymous_13)
FNDA:0,(anonymous_14)
FNDA:0,(anonymous_15)
FNDA:0,(anonymous_16)
FNDA:0,(anonymous_17)
FNDA:0,(anonymous_18)
FNDA:0,(anonymous_19)
FNDA:0,(anonymous_20)
FNDA:0,(anonymous_21)
FNDA:0,(anonymous_22)
FNDA:0,(anonymous_23)
FNDA:0,(anonymous_24)
FNDA:0,(anonymous_25)
FNDA:0,(anonymous_26)
FNDA:0,(anonymous_27)
FNDA:0,(anonymous_28)
FNDA:0,(anonymous_29)
FNDA:0,(anonymous_30)
FNDA:0,(anonymous_31)
FNDA:0,(anonymous_32)
FNDA:0,(anonymous_33)
FNDA:0,(anonymous_34)
FNDA:0,(anonymous_35)
FNDA:0,(anonymous_36)
FNDA:0,(anonymous_37)
FNDA:0,(anonymous_38)
FNDA:0,(anonymous_39)
FNDA:0,(anonymous_40)
FNDA:0,(anonymous_41)
FNDA:0,(anonymous_42)
FNDA:0,(anonymous_43)
FNDA:0,(anonymous_44)
FNDA:0,(anonymous_45)
FNDA:0,(anonymous_46)
FNDA:0,(anonymous_47)
FNDA:0,(anonymous_48)
FNDA:0,(anonymous_49)
FNDA:0,(anonymous_50)
FNDA:0,(anonymous_51)
FNDA:0,(anonymous_52)
FNDA:0,(anonymous_53)
FNDA:0,(anonymous_54)
FNDA:0,(anonymous_55)
FNDA:0,(anonymous_56)
FNDA:0,(anonymous_57)
FNDA:0,(anonymous_58)
FNDA:0,(anonymous_59)
FNDA:0,(anonymous_60)
FNDA:0,(anonymous_61)
FNDA:0,(anonymous_62)
FNDA:0,(anonymous_63)
FNDA:0,(anonymous_64)
FNDA:0,(anonymous_65)
FNDA:0,(anonymous_66)
FNDA:0,(anonymous_67)
FNDA:0,(anonymous_68)
FNDA:0,(anonymous_69)
FNDA:0,(anonymous_70)
FNDA:0,(anonymous_71)
FNDA:0,(anonymous_72)
FNDA:0,(anonymous_73)
FNDA:0,(anonymous_74)
FNDA:0,(anonymous_75)
FNDA:0,(anonymous_76)
FNDA:0,(anonymous_77)
FNDA:0,(anonymous_78)
FNDA:0,(anonymous_79)
FNDA:0,(anonymous_80)
FNDA:0,(anonymous_81)
FNDA:0,(anonymous_82)
FNDA:0,(anonymous_83)
FNDA:0,(anonymous_84)
FNDA:0,(anonymous_85)
FNDA:0,(anonymous_86)
FNDA:0,(anonymous_87)
FNDA:0,(anonymous_88)
FNDA:0,(anonymous_89)
FNDA:0,(anonymous_90)
FNDA:0,(anonymous_91)
FNDA:0,(anonymous_92)
FNDA:0,(anonymous_93)
FNDA:0,(anonymous_94)
FNDA:0,(anonymous_95)
FNDA:0,(anonymous_96)
FNDA:0,(anonymous_97)
FNDA:0,(anonymous_98)
FNDA:0,(anonymous_99)
FNDA:0,(anonymous_100)
FNDA:0,(anonymous_101)
FNDA:0,(anonymous_102)
FNDA:0,(anonymous_103)
FNDA:0,(anonymous_104)
FNDA:0,(anonymous_105)
FNDA:0,(anonymous_106)
FNDA:0,(anonymous_107)
FNDA:0,(anonymous_108)
FNDA:0,(anonymous_109)
FNDA:0,(anonymous_110)
FNDA:0,(anonymous_111)
FNDA:0,(anonymous_112)
FNDA:0,(anonymous_113)
FNDA:0,(anonymous_114)
FNDA:0,(anonymous_115)
FNDA:0,(anonymous_116)
FNDA:0,(anonymous_117)
FNDA:0,(anonymous_118)
FNDA:0,(anonymous_119)
FNDA:0,(anonymous_120)
FNDA:0,(anonymous_121)
FNDA:0,(anonymous_122)
FNDA:0,(anonymous_123)
FNDA:0,(anonymous_124)
FNDA:0,(anonymous_125)
FNDA:0,(anonymous_126)
FNDA:0,(anonymous_127)
FNDA:0,(anonymous_128)
FNDA:0,(anonymous_129)
FNDA:0,(anonymous_130)
FNDA:0,(anonymous_131)
FNDA:0,(anonymous_132)
FNDA:0,(anonymous_133)
FNDA:0,(anonymous_134)
FNDA:0,(anonymous_135)
FNDA:0,(anonymous_136)
FNDA:0,(anonymous_137)
FNDA:0,(anonymous_138)
FNDA:0,(anonymous_139)
FNDA:0,(anonymous_140)
FNDA:0,(anonymous_141)
FNDA:0,(anonymous_142)
FNDA:0,(anonymous_143)
FNDA:0,(anonymous_144)
FNDA:0,(anonymous_145)
FNDA:0,(anonymous_146)
FNDA:0,(anonymous_147)
FNDA:0,(anonymous_148)
FNDA:0,(anonymous_149)
FNDA:0,(anonymous_150)
FNDA:0,(anonymous_151)
FNDA:0,(anonymous_152)
FNDA:0,(anonymous_153)
FNDA:0,(anonymous_154)
FNDA:0,(anonymous_155)
FNDA:0,(anonymous_156)
FNDA:0,(anonymous_157)
FNDA:0,(anonymous_158)
FNDA:0,(anonymous_159)
FNDA:0,(anonymous_160)
FNDA:0,(anonymous_161)
FNDA:0,(anonymous_162)
FNDA:0,(anonymous_163)
FNDA:0,(anonymous_164)
FNDA:0,(anonymous_165)
FNDA:0,(anonymous_166)
FNDA:0,(anonymous_167)
FNDA:0,(anonymous_168)
FNDA:0,(anonymous_169)
FNDA:0,(anonymous_170)
FNDA:0,(anonymous_171)
FNDA:0,(anonymous_172)
FNDA:0,(anonymous_173)
FNDA:0,(anonymous_174)
FNDA:0,f
FNDA:0,(anonymous_176)
FNDA:0,(anonymous_177)
FNDA:0,(anonymous_178)
FNDA:0,(anonymous_179)
FNDA:0,(anonymous_180)
FNDA:0,(anonymous_181)
FNDA:0,(anonymous_182)
FNDA:0,(anonymous_183)
FNDA:0,(anonymous_184)
FNDA:0,(anonymous_185)
FNDA:0,(anonymous_186)
FNDA:0,(anonymous_187)
FNDA:0,(anonymous_188)
FNDA:0,(anonymous_189)
FNDA:0,(anonymous_190)
FNDA:0,(anonymous_191)
FNDA:0,(anonymous_192)
FNDA:0,(anonymous_193)
FNDA:0,(anonymous_194)
FNDA:0,(anonymous_195)
FNDA:0,(anonymous_196)
FNDA:0,(anonymous_197)
DA:1,0
LF:1
LH:0
BRDA:1,0,0,0
BRDA:1,0,1,0
BRDA:1,1,0,0
BRDA:1,1,1,0
BRDA:1,2,0,0
BRDA:1,2,1,0
BRDA:1,3,0,0
BRDA:1,3,1,0
BRDA:1,4,0,0
BRDA:1,4,1,0
BRDA:1,5,0,0
BRDA:1,5,1,0
BRDA:1,6,0,0
BRDA:1,6,1,0
BRDA:1,7,0,0
BRDA:1,7,1,0
BRDA:1,8,0,0
BRDA:1,8,1,0
BRDA:1,8,2,0
BRDA:1,9,0,0
BRDA:1,9,1,0
BRDA:1,10,0,0
BRDA:1,10,1,0
BRDA:1,11,0,0
BRDA:1,11,1,0
BRDA:1,12,0,0
BRDA:1,12,1,0
BRDA:1,12,2,0
BRDA:1,12,3,0
BRDA:1,13,0,0
BRDA:1,13,1,0
BRDA:1,14,0,0
BRDA:1,14,1,0
BRDA:1,15,0,0
BRDA:1,15,1,0
BRDA:1,16,0,0
BRDA:1,16,1,0
BRDA:1,17,0,0
BRDA:1,17,1,0
BRDA:1,18,0,0
BRDA:1,18,1,0
BRDA:1,19,0,0
BRDA:1,19,1,0
BRDA:1,20,0,0
BRDA:1,20,1,0
BRDA:1,21,0,0
BRDA:1,21,1,0
BRDA:1,22,0,0
BRDA:1,22,1,0
BRDA:1,23,0,0
BRDA:1,23,1,0
BRDA:1,24,0,0
BRDA:1,24,1,0
BRDA:1,25,0,0
BRDA:1,25,1,0
BRDA:1,26,0,0
BRDA:1,26,1,0
BRDA:1,27,0,0
BRDA:1,27,1,0
BRDA:1,28,0,0
BRDA:1,28,1,0
BRDA:1,29,0,0
BRDA:1,29,1,0
BRDA:1,30,0,0
BRDA:1,30,1,0
BRDA:1,31,0,0
BRDA:1,31,1,0
BRDA:1,32,0,0
BRDA:1,32,1,0
BRDA:1,33,0,0
BRDA:1,33,1,0
BRDA:1,34,0,0
BRDA:1,34,1,0
BRDA:1,35,0,0
BRDA:1,35,1,0
BRDA:1,36,0,0
BRDA:1,36,1,0
BRDA:1,37,0,0
BRDA:1,37,1,0
BRDA:1,38,0,0
BRDA:1,38,1,0
BRDA:1,39,0,0
BRDA:1,39,1,0
BRDA:1,40,0,0
BRDA:1,40,1,0
BRDA:1,41,0,0
BRDA:1,41,1,0
BRDA:1,41,2,0
BRDA:1,41,3,0
BRDA:1,42,0,0
BRDA:1,42,1,0
BRDA:1,43,0,0
BRDA:1,43,1,0
BRDA:1,44,0,0
BRDA:1,44,1,0
BRDA:1,45,0,0
BRDA:1,45,1,0
BRDA:1,46,0,0
BRDA:1,46,1,0
BRDA:1,47,0,0
BRDA:1,47,1,0
BRDA:1,48,0,0
BRDA:1,48,1,0
BRDA:1,49,0,0
BRDA:1,49,1,0
BRDA:1,50,0,0
BRDA:1,50,1,0
BRDA:1,51,0,0
BRDA:1,51,1,0
BRDA:1,52,0,0
BRDA:1,52,1,0
BRDA:1,53,0,0
BRDA:1,53,1,0
BRDA:1,53,2,0
BRDA:1,54,0,0
BRDA:1,54,1,0
BRDA:1,54,2,0
BRDA:1,55,0,0
BRDA:1,55,1,0
BRDA:1,56,0,0
BRDA:1,56,1,0
BRDA:1,57,0,0
BRDA:1,57,1,0
BRDA:1,58,0,0
BRDA:1,58,1,0
BRDA:1,59,0,0
BRDA:1,59,1,0
BRDA:1,60,0,0
BRDA:1,60,1,0
BRDA:1,61,0,0
BRDA:1,61,1,0
BRDA:1,62,0,0
BRDA:1,62,1,0
BRDA:1,63,0,0
BRDA:1,63,1,0
BRDA:1,64,0,0
BRDA:1,64,1,0
BRDA:1,65,0,0
BRDA:1,65,1,0
BRDA:1,66,0,0
BRDA:1,66,1,0
BRDA:1,66,2,0
BRDA:1,67,0,0
BRDA:1,67,1,0
BRDA:1,68,0,0
BRDA:1,68,1,0
BRDA:1,69,0,0
BRDA:1,69,1,0
BRDA:1,70,0,0
BRDA:1,70,1,0
BRDA:1,71,0,0
BRDA:1,71,1,0
BRDA:1,72,0,0
BRDA:1,72,1,0
BRDA:1,73,0,0
BRDA:1,73,1,0
BRDA:1,74,0,0
BRDA:1,74,1,0
BRDA:1,75,0,0
BRDA:1,75,1,0
BRDA:1,76,0,0
BRDA:1,76,1,0
BRDA:1,77,0,0
BRDA:1,77,1,0
BRDA:1,78,0,0
BRDA:1,78,1,0
BRDA:1,79,0,0
BRDA:1,79,1,0
BRDA:1,80,0,0
BRDA:1,80,1,0
BRDA:1,81,0,0
BRDA:1,81,1,0
BRDA:1,81,2,0
BRDA:1,82,0,0
BRDA:1,82,1,0
BRDA:1,83,0,0
BRDA:1,83,1,0
BRDA:1,84,0,0
BRDA:1,84,1,0
BRDA:1,85,0,0
BRDA:1,85,1,0
BRDA:1,85,2,0
BRDA:1,86,0,0
BRDA:1,86,1,0
BRDA:1,87,0,0
BRDA:1,87,1,0
BRDA:1,88,0,0
BRDA:1,88,1,0
BRDA:1,88,2,0
BRDA:1,89,0,0
BRDA:1,89,1,0
BRDA:1,89,2,0
BRDA:1,89,3,0
BRDA:1,89,4,0
BRDA:1,89,5,0
BRDA:1,90,0,0
BRDA:1,90,1,0
BRDA:1,91,0,0
BRDA:1,91,1,0
BRDA:1,92,0,0
BRDA:1,92,1,0
BRDA:1,93,0,0
BRDA:1,93,1,0
BRDA:1,94,0,0
BRDA:1,94,1,0
BRDA:1,95,0,0
BRDA:1,95,1,0
BRDA:1,96,0,0
BRDA:1,96,1,0
BRDA:1,97,0,0
BRDA:1,97,1,0
BRDA:1,98,0,0
BRDA:1,98,1,0
BRDA:1,98,2,0
BRDA:1,99,0,0
BRDA:1,99,1,0
BRDA:1,100,0,0
BRDA:1,100,1,0
BRDA:1,101,0,0
BRDA:1,101,1,0
BRDA:1,102,0,0
BRDA:1,102,1,0
BRDA:1,103,0,0
BRDA:1,103,1,0
BRDA:1,104,0,0
BRDA:1,104,1,0
BRDA:1,105,0,0
BRDA:1,105,1,0
BRDA:1,106,0,0
BRDA:1,106,1,0
BRDA:1,107,0,0
BRDA:1,107,1,0
BRDA:1,108,0,0
BRDA:1,108,1,0
BRDA:1,109,0,0
BRDA:1,109,1,0
BRDA:1,110,0,0
BRDA:1,110,1,0
BRDA:1,111,0,0
BRDA:1,111,1,0
BRDA:1,112,0,0
BRDA:1,112,1,0
BRDA:1,113,0,0
BRDA:1,113,1,0
BRDA:1,114,0,0
BRDA:1,114,1,0
BRDA:1,114,2,0
BRDA:1,114,3,0
BRDA:1,114,4,0
BRDA:1,115,0,0
BRDA:1,115,1,0
BRDA:1,116,0,0
BRDA:1,116,1,0
BRDA:1,117,0,0
BRDA:1,117,1,0
BRDA:1,118,0,0
BRDA:1,118,1,0
BRDA:1,118,2,0
BRDA:1,119,0,0
BRDA:1,119,1,0
BRDA:1,120,0,0
BRDA:1,120,1,0
BRDA:1,121,0,0
BRDA:1,121,1,0
BRDA:1,122,0,0
BRDA:1,122,1,0
BRDA:1,123,0,0
BRDA:1,123,1,0
BRDA:1,124,0,0
BRDA:1,124,1,0
BRDA:1,124,2,0
BRDA:1,125,0,0
BRDA:1,125,1,0
BRDA:1,125,2,0
BRDA:1,126,0,0
BRDA:1,126,1,0
BRDA:1,127,0,0
BRDA:1,127,1,0
BRDA:1,128,0,0
BRDA:1,128,1,0
BRDA:1,129,0,0
BRDA:1,129,1,0
BRDA:1,129,2,0
BRDA:1,130,0,0
BRDA:1,130,1,0
BRDA:1,131,0,0
BRDA:1,131,1,0
BRDA:1,132,0,0
BRDA:1,132,1,0
BRDA:1,133,0,0
BRDA:1,133,1,0
BRDA:1,134,0,0
BRDA:1,134,1,0
BRDA:1,135,0,0
BRDA:1,135,1,0
BRDA:1,136,0,0
BRDA:1,136,1,0
BRDA:1,136,2,0
BRDA:1,137,0,0
BRDA:1,137,1,0
BRDA:1,138,0,0
BRDA:1,138,1,0
BRDA:1,139,0,0
BRDA:1,139,1,0
BRDA:1,139,2,0
BRDA:1,139,3,0
BRDA:1,140,0,0
BRDA:1,140,1,0
BRDA:1,141,0,0
BRDA:1,141,1,0
BRDA:1,142,0,0
BRDA:1,142,1,0
BRDA:1,143,0,0
BRDA:1,143,1,0
BRDA:1,144,0,0
BRDA:1,144,1,0
BRDA:1,145,0,0
BRDA:1,145,1,0
BRDA:1,146,0,0
BRDA:1,146,1,0
BRDA:1,146,2,0
BRDA:1,147,0,0
BRDA:1,147,1,0
BRDA:1,148,0,0
BRDA:1,148,1,0
BRDA:1,149,0,0
BRDA:1,149,1,0
BRDA:1,150,0,0
BRDA:1,150,1,0
BRDA:1,150,2,0
BRDA:1,151,0,0
BRDA:1,151,1,0
BRDA:1,152,0,0
BRDA:1,152,1,0
BRDA:1,153,0,0
BRDA:1,153,1,0
BRDA:1,154,0,0
BRDA:1,154,1,0
BRDA:1,154,2,0
BRDA:1,155,0,0
BRDA:1,155,1,0
BRDA:1,155,2,0
BRDA:1,156,0,0
BRDA:1,156,1,0
BRDA:1,157,0,0
BRDA:1,157,1,0
BRDA:1,158,0,0
BRDA:1,158,1,0
BRDA:1,159,0,0
BRDA:1,159,1,0
BRDA:1,160,0,0
BRDA:1,160,1,0
BRDA:1,161,0,0
BRDA:1,161,1,0
BRDA:1,161,2,0
BRDA:1,161,3,0
BRDA:1,162,0,0
BRDA:1,162,1,0
BRDA:1,163,0,0
BRDA:1,163,1,0
BRDA:1,164,0,0
BRDA:1,164,1,0
BRDA:1,165,0,0
BRDA:1,165,1,0
BRDA:1,166,0,0
BRDA:1,166,1,0
BRDA:1,167,0,0
BRDA:1,167,1,0
BRDA:1,168,0,0
BRDA:1,168,1,0
BRDA:1,168,2,0
BRDA:1,169,0,0
BRDA:1,169,1,0
BRDA:1,169,2,0
BRDA:1,169,3,0
BRDA:1,169,4,0
BRDA:1,170,0,0
BRDA:1,170,1,0
BRDA:1,171,0,0
BRDA:1,171,1,0
BRDA:1,172,0,0
BRDA:1,172,1,0
BRDA:1,173,0,0
BRDA:1,173,1,0
BRDA:1,174,0,0
BRDA:1,174,1,0
BRDA:1,175,0,0
BRDA:1,175,1,0
BRDA:1,176,0,0
BRDA:1,176,1,0
BRDA:1,177,0,0
BRDA:1,177,1,0
BRDA:1,178,0,0
BRDA:1,178,1,0
BRDA:1,179,0,0
BRDA:1,179,1,0
BRDA:1,180,0,0
BRDA:1,180,1,0
BRDA:1,181,0,0
BRDA:1,181,1,0
BRDA:1,182,0,0
BRDA:1,182,1,0
BRDA:1,183,0,0
BRDA:1,183,1,0
BRDA:1,183,2,0
BRDA:1,183,3,0
BRDA:1,184,0,0
BRDA:1,184,1,0
BRDA:1,185,0,0
BRDA:1,185,1,0
BRDA:1,185,2,0
BRDA:1,186,0,0
BRDA:1,186,1,0
BRDA:1,187,0,0
BRDA:1,187,1,0
BRDA:1,188,0,0
BRDA:1,188,1,0
BRDA:1,189,0,0
BRDA:1,189,1,0
BRDA:1,190,0,0
BRDA:1,190,1,0
BRDA:1,191,0,0
BRDA:1,191,1,0
BRDA:1,192,0,0
BRDA:1,192,1,0
BRDA:1,193,0,0
BRDA:1,193,1,0
BRDA:1,194,0,0
BRDA:1,194,1,0
BRDA:1,194,2,0
BRDA:1,194,3,0
BRDA:1,194,4,0
BRDA:1,194,5,0
BRDA:1,195,0,0
BRDA:1,195,1,0
BRDA:1,195,2,0
BRDA:1,196,0,0
BRDA:1,196,1,0
BRDA:1,197,0,0
BRDA:1,197,1,0
BRDA:1,197,2,0
BRDA:1,198,0,0
BRDA:1,198,1,0
BRDA:1,199,0,0
BRDA:1,199,1,0
BRDA:1,200,0,0
BRDA:1,200,1,0
BRDA:1,201,0,0
BRDA:1,201,1,0
BRDA:1,202,0,0
BRDA:1,202,1,0
BRDA:1,203,0,0
BRDA:1,203,1,0
BRDA:1,204,0,0
BRDA:1,204,1,0
BRDA:1,205,0,0
BRDA:1,205,1,0
BRDA:1,206,0,0
BRDA:1,206,1,0
BRDA:1,207,0,0
BRDA:1,207,1,0
BRDA:1,207,2,0
BRF:462
BRH:0
end_of_record
TN:
SF:C:\Users\joinmouse\Desktop\vue-wheel\packages\Grid\col.vue
FN:20,(anonymous_1)
FN:26,(anonymous_2)
FNF:2
FNH:0
FNDA:0,(anonymous_1)
FNDA:0,(anonymous_2)
DA:21,0
DA:27,0
LF:2
LH:0
BRF:0
BRH:0
end_of_record
TN:
SF:C:\Users\joinmouse\Desktop\vue-wheel\packages\Grid\index.js
FN:5,(anonymous_0)
FN:8,(anonymous_1)
FNF:2
FNH:0
FNDA:0,(anonymous_0)
FNDA:0,(anonymous_1)
DA:5,1
DA:6,0
DA:8,1
DA:9,0
LF:4
LH:2
BRF:0
BRH:0
end_of_record
TN:
SF:C:\Users\joinmouse\Desktop\vue-wheel\packages\Grid\row.vue
FN:15,(anonymous_1)
FN:16,(anonymous_2)
FN:22,(anonymous_3)
FNF:3
FNH:0
FNDA:0,(anonymous_1)
FNDA:0,(anonymous_2)
FNDA:0,(anonymous_3)
DA:16,0
DA:17,0
DA:23,0
DA:24,0
LF:4
LH:0
BRF:0
BRH:0
end_of_record
TN:
SF:C:\Users\joinmouse\Desktop\vue-wheel\packages\button\index.js
FN:4,(anonymous_0)
FNF:1
FNH:0
FNDA:0,(anonymous_0)
DA:4,1
DA:5,0
LF:2
LH:1
BRF:0
BRH:0
end_of_record
TN:
SF:C:\Users\joinmouse\Desktop\vue-wheel\packages\layout\index.js
FN:8,(anonymous_0)
FN:11,(anonymous_1)
FN:14,(anonymous_2)
FN:17,(anonymous_3)
FN:20,(anonymous_4)
FNF:5
FNH:0
FNDA:0,(anonymous_0)
FNDA:0,(anonymous_1)
FNDA:0,(anonymous_2)
FNDA:0,(anonymous_3)
FNDA:0,(anonymous_4)
DA:8,1
DA:9,0
DA:11,1
DA:12,0
DA:14,1
DA:15,0
DA:17,1
DA:18,0
DA:20,1
DA:21,0
LF:10
LH:5
BRF:0
BRH:0
end_of_record
TN:
SF:C:\Users\joinmouse\Desktop\vue-wheel\packages\layout\layout.vue
FN:10,(anonymous_1)
FN:17,(anonymous_2)
FN:18,(anonymous_3)
FNF:3
FNH:0
FNDA:0,(anonymous_1)
FNDA:0,(anonymous_2)
FNDA:0,(anonymous_3)
DA:11,0
DA:18,0
DA:19,0
DA:20,0
LF:4
LH:0
BRDA:19,0,0,0
BRDA:19,0,1,0
BRF:2
BRH:0
end_of_record
TN:
SF:C:\Users\joinmouse\Desktop\vue-wheel\packages\tabs\index.js
FN:8,(anonymous_0)
FN:11,(anonymous_1)
FN:14,(anonymous_2)
FN:17,(anonymous_3)
FN:20,(anonymous_4)
FNF:5
FNH:0
FNDA:0,(anonymous_0)
FNDA:0,(anonymous_1)
FNDA:0,(anonymous_2)
FNDA:0,(anonymous_3)
FNDA:0,(anonymous_4)
DA:8,1
DA:9,0
DA:11,1
DA:12,0
DA:14,1
DA:15,0
DA:17,1
DA:18,0
DA:20,1
DA:21,0
LF:10
LH:5
BRF:0
BRH:0
end_of_record
TN:
SF:C:\Users\joinmouse\Desktop\vue-wheel\packages\tabs\tab-header.vue
FN:13,(anonymous_1)
FN:14,(anonymous_2)
FN:20,(anonymous_3)
FNF:3
FNH:0
FNDA:0,(anonymous_1)
FNDA:0,(anonymous_2)
FNDA:0,(anonymous_3)
DA:14,0
DA:15,0
DA:21,0
DA:22,0
DA:23,0
DA:24,0
LF:6
LH:0
BRF:0
BRH:0
end_of_record
TN:
SF:C:\Users\joinmouse\Desktop\vue-wheel\packages\tabs\tab-item.vue
FN:19,(anonymous_1)
FN:26,(anonymous_2)
FN:32,(anonymous_3)
FN:34,(anonymous_4)
FN:44,(anonymous_5)
FNF:5
FNH:0
FNDA:0,(anonymous_1)
FNDA:0,(anonymous_2)
FNDA:0,(anonymous_3)
FNDA:0,(anonymous_4)
FNDA:0,(anonymous_5)
DA:20,0
DA:27,0
DA:33,0
DA:34,0
DA:35,0
DA:36,0
DA:38,0
DA:45,0
DA:46,0
LF:9
LH:0
BRDA:33,0,0,0
BRDA:33,0,1,0
BRDA:35,1,0,0
BRDA:35,1,1,0
BRDA:45,2,0,0
BRDA:45,2,1,0
BRF:6
BRH:0
end_of_record
TN:
SF:C:\Users\joinmouse\Desktop\vue-wheel\packages\tabs\tab-pane.vue
FN:19,(anonymous_1)
FN:26,(anonymous_2)
FN:33,(anonymous_3)
FN:34,(anonymous_4)
FNF:4
FNH:0
FNDA:0,(anonymous_1)
FNDA:0,(anonymous_2)
FNDA:0,(anonymous_3)
FNDA:0,(anonymous_4)
DA:20,0
DA:27,0
DA:34,0
DA:35,0
DA:36,0
DA:38,0
LF:6
LH:0
BRDA:35,0,0,0
BRDA:35,0,1,0
BRF:2
BRH:0
end_of_record
TN:
SF:C:\Users\joinmouse\Desktop\vue-wheel\packages\tabs\tabs.vue
FN:21,(anonymous_1)
FN:27,(anonymous_2)
FN:34,(anonymous_3)
FN:40,(anonymous_4)
FN:46,(anonymous_5)
FN:52,(anonymous_6)
FN:53,(anonymous_7)
FN:55,(anonymous_8)
FNF:8
FNH:0
FNDA:0,(anonymous_1)
FNDA:0,(anonymous_2)
FNDA:0,(anonymous_3)
FNDA:0,(anonymous_4)
FNDA:0,(anonymous_5)
FNDA:0,(anonymous_6)
FNDA:0,(anonymous_7)
FNDA:0,(anonymous_8)
DA:8,1
DA:22,0
DA:29,0
DA:35,0
DA:41,0
DA:42,0
DA:47,0
DA:48,0
DA:53,0
DA:54,0
DA:55,0
DA:56,0
DA:57,0
LF:13
LH:1
BRDA:47,0,0,0
BRDA:47,0,1,0
BRDA:48,1,0,0
BRDA:48,1,1,0
BRDA:48,1,2,0
BRDA:54,2,0,0
BRDA:54,2,1,0
BRDA:56,3,0,0
BRDA:56,3,1,0
BRDA:56,4,0,0
BRDA:56,4,1,0
BRF:11
BRH:0
end_of_record
TN:
SF:C:\Users\joinmouse\Desktop\vue-wheel\src\index.js
FN:24,(anonymous_0)
FN:25,(anonymous_1)
FNF:2
FNH:2
FNDA:1,(anonymous_0)
FNDA:13,(anonymous_1)
DA:7,1
DA:24,1
DA:25,1
DA:26,13
DA:30,1
DA:31,0
DA:34,1
LF:7
LH:6
BRDA:30,0,0,0
BRDA:30,0,1,1
BRDA:30,1,0,1
BRDA:30,1,1,1
BRF:4
BRH:3
end_of_record
TN:
SF:C:\Users\joinmouse\Desktop\vue-wheel\src\utils\eventBus.js
FN:6,(anonymous_0)
FN:8,(anonymous_1)
FNF:2
FNH:0
FNDA:0,(anonymous_0)
FNDA:0,(anonymous_1)
DA:3,0
DA:5,0
DA:7,0
DA:9,0
LF:4
LH:0
BRF:0
BRH:0
end_of_record
TN:
SF:C:\Users\joinmouse\Desktop\vue-wheel\test\utils.js
FN:14,(anonymous_0)
FN:35,(anonymous_1)
FNF:2
FNH:1
FNDA:1,(anonymous_0)
FNDA:0,(anonymous_1)
DA:4,1
DA:6,1
DA:14,1
DA:15,1
DA:16,1
DA:17,1
DA:18,1
DA:20,1
DA:26,1
DA:35,1
DA:36,0
DA:37,0
LF:12
LH:10
BRDA:36,0,0,0
BRDA:36,0,1,0
BRDA:37,1,0,0
BRDA:37,1,1,0
BRDA:37,1,2,0
BRF:5
BRH:0
end_of_record
